model - 1589265690,1589265690.984,0.52,0.25,0.52,0.25
model - 1589265690,1589265691.504,0.46,0.249,0.46,0.249
model - 1589265690,1589265691.971,0.63,0.243,0.63,0.243
model - 1589265690,1589265692.434,0.63,0.231,0.63,0.231
model - 1589265690,1589265692.897,0.7,0.21,0.7,0.21
model - 1589265690,1589265693.357,0.62,0.214,0.62,0.214
model - 1589265690,1589265693.824,0.69,0.205,0.69,0.205
model - 1589265690,1589265694.306,0.75,0.176,0.75,0.176
model - 1589265690,1589265694.774,0.84,0.152,0.84,0.152
model - 1589265690,1589265695.264,0.75,0.168,0.75,0.168
model - 1589265690,1589265695.733,0.82,0.149,0.82,0.149
model - 1589265690,1589265696.205,0.66,0.193,0.66,0.193
model - 1589265690,1589265696.68,0.78,0.139,0.78,0.139
model - 1589265690,1589265697.155,0.78,0.151,0.78,0.151
model - 1589265690,1589265697.649,0.79,0.135,0.79,0.135
model - 1589265690,1589265698.141,0.84,0.124,0.84,0.124
model - 1589265690,1589265698.639,0.8,0.129,0.8,0.129
model - 1589265690,1589265699.12,0.81,0.128,0.81,0.128
model - 1589265690,1589265699.59,0.89,0.104,0.89,0.104
model - 1589265690,1589265700.115,0.87,0.094,0.87,0.094
model - 1589265690,1589265700.623,0.81,0.127,0.81,0.127
model - 1589265690,1589265701.152,0.84,0.11,0.84,0.11
model - 1589265690,1589265701.671,0.91,0.074,0.91,0.074
model - 1589265690,1589265702.195,0.84,0.106,0.84,0.106
model - 1589265690,1589265702.672,0.86,0.091,0.86,0.091
model - 1589265690,1589265703.155,0.82,0.117,0.82,0.117
model - 1589265690,1589265703.639,0.85,0.1,0.85,0.1
model - 1589265690,1589265704.146,0.84,0.107,0.84,0.107
model - 1589265690,1589265704.657,0.85,0.102,0.85,0.102
model - 1589265690,1589265705.181,0.89,0.094,0.89,0.094
model - 1589265690,1589265705.69,0.91,0.078,0.91,0.078
model - 1589265690,1589265706.189,0.89,0.086,0.89,0.086
model - 1589265690,1589265706.69,0.83,0.112,0.83,0.112
model - 1589265690,1589265707.323,0.79,0.144,0.79,0.144
model - 1589265690,1589265708.084,0.88,0.073,0.88,0.073
model - 1589265690,1589265708.849,0.87,0.09,0.87,0.09
model - 1589265690,1589265709.601,0.91,0.084,0.91,0.084
model - 1589265690,1589265710.377,0.89,0.082,0.89,0.082
model - 1589265690,1589265711.147,0.91,0.068,0.91,0.068
model - 1589265690,1589265711.636,0.91,0.061,0.91,0.061
model - 1589265690,1589265712.14,0.9,0.073,0.9,0.073
model - 1589265690,1589265712.192,1.0,0.049,1.0,0.049
model - 1589265690,1589265712.746,0.91,0.07,0.91,0.07
model - 1589265690,1589265713.269,0.94,0.037,0.94,0.037
model - 1589265690,1589265714.043,0.94,0.061,0.94,0.061
model - 1589265690,1589265714.541,0.96,0.041,0.96,0.041
model - 1589265690,1589265715.054,0.93,0.047,0.93,0.047
model - 1589265690,1589265715.562,0.91,0.066,0.91,0.066
model - 1589265690,1589265716.072,0.91,0.082,0.91,0.082
model - 1589265690,1589265716.828,0.93,0.049,0.93,0.049
model - 1589265690,1589265717.595,0.94,0.039,0.94,0.039
model - 1589265690,1589265718.367,0.93,0.056,0.93,0.056
model - 1589265690,1589265719.129,0.94,0.046,0.94,0.046
model - 1589265690,1589265719.909,0.92,0.051,0.92,0.051
model - 1589265690,1589265720.682,0.91,0.053,0.91,0.053
model - 1589265690,1589265721.175,0.96,0.034,0.96,0.034
model - 1589265690,1589265721.689,0.9,0.074,0.9,0.074
model - 1589265690,1589265722.199,0.91,0.07,0.91,0.07
model - 1589265690,1589265722.706,0.92,0.058,0.92,0.058
model - 1589265690,1589265723.457,0.97,0.037,0.97,0.037
model - 1589265690,1589265724.205,0.9,0.063,0.9,0.063
model - 1589265690,1589265724.967,0.95,0.041,0.95,0.041
model - 1589265690,1589265725.739,0.94,0.048,0.94,0.048
model - 1589265690,1589265726.521,0.92,0.063,0.92,0.063
model - 1589265690,1589265727.291,0.92,0.048,0.92,0.048
model - 1589265690,1589265728.061,0.86,0.096,0.86,0.096
model - 1589265690,1589265728.833,0.96,0.035,0.96,0.035
model - 1589265690,1589265729.605,0.91,0.065,0.91,0.065
model - 1589265690,1589265730.37,0.89,0.095,0.89,0.095
model - 1589265690,1589265731.129,0.93,0.066,0.93,0.066
model - 1589265690,1589265731.919,0.88,0.074,0.88,0.074
model - 1589265690,1589265732.67,0.92,0.087,0.92,0.087
model - 1589265690,1589265733.483,0.89,0.068,0.89,0.068
model - 1589265690,1589265734.242,0.97,0.032,0.97,0.032
model - 1589265690,1589265735.002,0.94,0.042,0.94,0.042
model - 1589265690,1589265735.774,0.92,0.052,0.92,0.052
model - 1589265690,1589265736.546,0.91,0.061,0.91,0.061
model - 1589265690,1589265737.475,0.9,0.076,0.9,0.076
model - 1589265690,1589265738.238,0.96,0.034,0.96,0.034
model - 1589265690,1589265738.989,0.9,0.075,0.9,0.075
model - 1589265690,1589265739.767,0.94,0.051,0.94,0.051
model - 1589265690,1589265740.529,0.94,0.048,0.94,0.048
model - 1589265690,1589265741.291,0.96,0.041,0.96,0.041
model - 1589265690,1589265741.363,1.0,0.004,1.0,0.004
model-1589266284,1589266285.277,0.55,0.249,0.55,0.249
model-1589266284,1589266285.991,0.56,0.244,0.56,0.244
model-1589266284,1589266286.713,0.5,0.252,0.5,0.252
model-1589266284,1589266287.422,0.52,0.242,0.52,0.242
model-1589266284,1589266288.207,0.75,0.239,0.75,0.239
model-1589266284,1589266289.043,0.83,0.233,0.83,0.233
model-1589266284,1589266289.813,0.75,0.218,0.75,0.218
model-1589266284,1589266290.547,0.82,0.2,0.82,0.2
model-1589266284,1589266291.263,0.66,0.208,0.66,0.208
model-1589266284,1589266292.003,0.81,0.173,0.81,0.173
model-1589266284,1589266292.722,0.74,0.174,0.74,0.174
model-1589266284,1589266293.461,0.87,0.143,0.87,0.143
model-1589266284,1589266294.19,0.7,0.179,0.7,0.179
model-1589266284,1589266294.925,0.85,0.116,0.85,0.116
model-1589266284,1589266295.645,0.88,0.118,0.88,0.118
model-1589266284,1589266296.375,0.74,0.163,0.74,0.163
model-1589266284,1589266297.114,0.91,0.082,0.91,0.082
model-1589266284,1589266297.844,0.86,0.108,0.86,0.108
model-1589266284,1589266298.572,0.69,0.212,0.69,0.212
model-1589266284,1589266299.302,0.81,0.116,0.81,0.116
model-1589266284,1589266300.01,0.82,0.135,0.82,0.135
model-1589266284,1589266300.788,0.81,0.129,0.81,0.129
model-1589266284,1589266301.559,0.79,0.128,0.79,0.128
model-1589266284,1589266302.309,0.88,0.086,0.88,0.086
model-1589266284,1589266303.08,0.91,0.077,0.91,0.077
model-1589266284,1589266303.827,0.95,0.047,0.95,0.047
model-1589266284,1589266304.587,0.87,0.085,0.87,0.085
model-1589266284,1589266305.336,0.87,0.106,0.87,0.106
model-1589266284,1589266306.105,0.92,0.062,0.92,0.062
model-1589266284,1589266306.891,0.87,0.096,0.87,0.096
model-1589266284,1589266307.886,0.85,0.095,0.85,0.095
model-1589266284,1589266308.644,0.89,0.066,0.89,0.066
model-1589266284,1589266309.408,0.88,0.077,0.88,0.077
model-1589266284,1589266310.169,0.92,0.064,0.92,0.064
model-1589266284,1589266310.669,0.94,0.061,0.94,0.061
model-1589266284,1589266311.183,0.95,0.06,0.95,0.06
model-1589266284,1589266311.708,0.91,0.073,0.91,0.073
model-1589266284,1589266312.232,0.93,0.059,0.93,0.059
model-1589266393,1589266397.031,0.5,0.25002,0.5,0.25002
model-1589266393,1589266397.748,0.52,0.24583,0.52,0.24583
model-1589266393,1589266398.519,0.53,0.24091,0.53,0.24091
model-1589266393,1589266399.231,0.62,0.22647,0.62,0.22647
model-1589266393,1589266399.986,0.57,0.2272,0.57,0.2272
model-1589266393,1589266400.739,0.89,0.20419,0.89,0.20419
model-1589266393,1589266401.504,0.83,0.18963,0.83,0.18963
model-1589266393,1589266402.249,0.77,0.17203,0.77,0.17203
model-1589266393,1589266402.982,0.7,0.18284,0.7,0.18284
model-1589266393,1589266403.728,0.87,0.1387,0.87,0.1387
model-1589266393,1589266404.233,0.72,0.18392,0.72,0.18392
model-1589266393,1589266404.74,0.83,0.11283,0.83,0.11283
model-1589266393,1589266405.25,0.76,0.16371,0.76,0.16371
model-1589266393,1589266405.757,0.78,0.14593,0.78,0.14593
model-1589266393,1589266406.51,0.78,0.14296,0.78,0.14296
model-1589266393,1589266407.272,0.82,0.12815,0.82,0.12815
model-1589266393,1589266408.044,0.92,0.07314,0.92,0.07314
model-1589266393,1589266408.797,0.87,0.09797,0.87,0.09797
model-1589266393,1589266409.563,0.86,0.10305,0.86,0.10305
model-1589266393,1589266410.337,0.87,0.09809,0.87,0.09809
model-1589266393,1589266411.136,0.91,0.07603,0.91,0.07603
model-1589266393,1589266411.935,0.85,0.10572,0.85,0.10572
model-1589266393,1589266412.693,0.91,0.07642,0.91,0.07642
model-1589266393,1589266413.496,0.94,0.06288,0.94,0.06288
model-1589266393,1589266414.244,0.9,0.06649,0.9,0.06649
model-1589266393,1589266415.004,0.93,0.05939,0.93,0.05939
model-1589266393,1589266415.764,0.95,0.04625,0.95,0.04625
model-1589266393,1589266416.534,0.92,0.05831,0.92,0.05831
model-1589266393,1589266417.299,0.95,0.04139,0.95,0.04139
model-1589266393,1589266418.067,0.95,0.05367,0.95,0.05367
model-1589266393,1589266418.819,0.96,0.04923,0.96,0.04923
model-1589266393,1589266419.571,0.94,0.05051,0.94,0.05051
model-1589266393,1589266420.06,0.91,0.06051,0.91,0.06051
model-1589266393,1589266420.558,0.94,0.04784,0.94,0.04784
model-1589266393,1589266421.08,0.94,0.06477,0.94,0.06477
model-1589266393,1589266421.609,0.93,0.05422,0.93,0.05422
model-1589266393,1589266422.349,0.83,0.12296,0.83,0.12296
model-1589266393,1589266423.114,0.95,0.03623,0.95,0.03623
model-1589266393,1589266423.892,0.83,0.12882,0.83,0.12882
model-1589266393,1589266424.684,0.84,0.12908,0.84,0.12908
model-1589266393,1589266425.473,0.92,0.06498,0.92,0.06498
model-1589266393,1589266425.537,1.0,0.01383,1.0,0.01383
model-1589266393,1589266426.372,0.87,0.10265,0.87,0.10265
model-1589266393,1589266427.133,0.89,0.07436,0.89,0.07436
model-1589266393,1589266427.893,0.9,0.07481,0.9,0.07481
model-1589266393,1589266428.683,0.85,0.1052,0.85,0.1052
model-1589266393,1589266429.451,0.88,0.10779,0.88,0.10779
model-1589266393,1589266430.208,0.92,0.06212,0.92,0.06212
model-1589266393,1589266430.957,0.9,0.08008,0.9,0.08008
model-1589266393,1589266431.702,0.92,0.05618,0.92,0.05618
model-1589266393,1589266432.442,0.94,0.04043,0.94,0.04043
model-1589266393,1589266433.294,0.94,0.04844,0.94,0.04844
model-1589266393,1589266434.08,0.9,0.07413,0.9,0.07413
model-1589266393,1589266434.841,0.94,0.03252,0.94,0.03252
model-1589266393,1589266435.608,0.93,0.04802,0.93,0.04802
model-1589266393,1589266436.359,0.91,0.05497,0.91,0.05497
model-1589266393,1589266436.846,0.98,0.02313,0.98,0.02313
model-1589266393,1589266437.344,0.92,0.05818,0.92,0.05818
model-1589266393,1589266437.84,0.96,0.02992,0.96,0.02992
model-1589266393,1589266438.348,0.93,0.04755,0.93,0.04755
model-1589266393,1589266439.09,0.93,0.03516,0.93,0.03516
model-1589266393,1589266439.851,0.97,0.02748,0.97,0.02748
model-1589266393,1589266440.601,0.95,0.03396,0.95,0.03396
model-1589266393,1589266441.355,0.98,0.02934,0.98,0.02934
model-1589266393,1589266442.12,0.98,0.03299,0.98,0.03299
model-1589266393,1589266442.88,0.98,0.02616,0.98,0.02616
model-1589266393,1589266443.65,0.94,0.02879,0.94,0.02879
model-1589266393,1589266444.403,0.99,0.01952,0.99,0.01952
model-1589266393,1589266445.159,0.98,0.02399,0.98,0.02399
model-1589266393,1589266445.907,0.96,0.0373,0.96,0.0373
model-1589266393,1589266446.655,0.96,0.02559,0.96,0.02559
model-1589266393,1589266447.42,0.99,0.02138,0.99,0.02138
model-1589266393,1589266447.901,0.98,0.01505,0.98,0.01505
model-1589266393,1589266448.395,0.99,0.01467,0.99,0.01467
model-1589266393,1589266448.889,0.97,0.0279,0.97,0.0279
model-1589266393,1589266449.388,0.97,0.02875,0.97,0.02875
model-1589266393,1589266450.146,0.96,0.02682,0.96,0.02682
model-1589266393,1589266450.911,0.96,0.03322,0.96,0.03322
model-1589266393,1589266451.672,0.91,0.06579,0.91,0.06579
model-1589266393,1589266452.432,0.9,0.0841,0.9,0.0841
model-1589266393,1589266453.191,0.98,0.01973,0.98,0.01973
model-1589266393,1589266453.95,0.91,0.07494,0.91,0.07494
model-1589266393,1589266454.716,0.91,0.07422,0.91,0.07422
model-1589266393,1589266454.789,1.0,4e-05,1.0,4e-05
model-1589266524,1589266525.681,0.525,0.24942,0.525,0.24942
model-1589266524,1589266527.075,0.465,0.25425,0.465,0.25425
model-1589266524,1589266528.492,0.53,0.24434,0.53,0.24434
model-1589266524,1589266529.896,0.49,0.24301,0.49,0.24301
model-1589266524,1589266531.324,0.81,0.22102,0.81,0.22102
model-1589266524,1589266532.743,0.59,0.22795,0.59,0.22795
model-1589266524,1589266534.171,0.675,0.21809,0.675,0.21809
model-1589266524,1589266535.559,0.83,0.18445,0.83,0.18445
model-1589266524,1589266536.957,0.8,0.17171,0.8,0.17171
model-1589266524,1589266538.357,0.785,0.17348,0.785,0.17348
model-1589266524,1589266539.796,0.805,0.13642,0.805,0.13642
model-1589266524,1589266541.194,0.78,0.1492,0.78,0.1492
model-1589266524,1589266542.605,0.775,0.15661,0.775,0.15661
model-1589266524,1589266544.006,0.79,0.11883,0.79,0.11883
model-1589266524,1589266545.411,0.79,0.14398,0.79,0.14398
model-1589266524,1589266546.916,0.855,0.09353,0.855,0.09353
model-1589266524,1589266548.349,0.875,0.10827,0.875,0.10827
model-1589266524,1589266549.763,0.865,0.10593,0.865,0.10593
model-1589266524,1589266551.21,0.84,0.116,0.84,0.116
model-1589266524,1589266552.696,0.845,0.11503,0.845,0.11503
model-1589266524,1589266553.475,0.89423,0.08989,0.89423,0.08989
model-1589266524,1589266554.998,0.84,0.10463,0.84,0.10463
model-1589266524,1589266556.494,0.825,0.10729,0.825,0.10729
model-1589266524,1589266557.993,0.825,0.11328,0.825,0.11328
model-1589266524,1589266559.522,0.88,0.08072,0.88,0.08072
model-1589266524,1589266561.057,0.92,0.06083,0.92,0.06083
model-1589266524,1589266562.51,0.9,0.07398,0.9,0.07398
model-1589266524,1589266563.983,0.895,0.07569,0.895,0.07569
model-1589266524,1589266565.478,0.895,0.08037,0.895,0.08037
model-1589266524,1589266566.997,0.9,0.07433,0.9,0.07433
model-1589266524,1589266568.486,0.925,0.06404,0.925,0.06404
model-1589266524,1589266569.973,0.905,0.07801,0.905,0.07801
model-1589266524,1589266571.454,0.85,0.10122,0.85,0.10122
model-1589266524,1589266572.983,0.9,0.07091,0.9,0.07091
model-1589266524,1589266574.478,0.955,0.04705,0.955,0.04705
model-1589266524,1589266575.988,0.91,0.06368,0.91,0.06368
model-1589266524,1589266577.511,0.92,0.04997,0.92,0.04997
model-1589266524,1589266579.025,0.92,0.05519,0.92,0.05519
model-1589266524,1589266580.529,0.92,0.06107,0.92,0.06107
model-1589266524,1589266581.504,0.95,0.04018,0.95,0.04018
model-1589266524,1589266582.507,0.935,0.04507,0.935,0.04507
model-1589266524,1589266583.266,0.95192,0.04869,0.95192,0.04869
model-1589266524,1589266584.816,0.9,0.06899,0.9,0.06899
model-1589266524,1589266586.342,0.92,0.06207,0.92,0.06207
model-1589266524,1589266587.851,0.925,0.0593,0.925,0.0593
model-1589266524,1589266589.344,0.95,0.04311,0.95,0.04311
model-1589266524,1589266590.831,0.955,0.03533,0.955,0.03533
model-1589266524,1589266591.8,0.93,0.05063,0.93,0.05063
model-1589266524,1589266592.775,0.92,0.06129,0.92,0.06129
model-1589266524,1589266594.07,0.92,0.05718,0.92,0.05718
model-1589266524,1589266595.028,0.925,0.06042,0.925,0.06042
model-1589266524,1589266596.003,0.895,0.06714,0.895,0.06714
model-1589266524,1589266596.926,0.94,0.04175,0.94,0.04175
model-1589266524,1589266597.856,0.92,0.05798,0.92,0.05798
model-1589266524,1589266598.784,0.91,0.07145,0.91,0.07145
model-1589266524,1589266599.729,0.925,0.05396,0.925,0.05396
model-1589266524,1589266600.698,0.93,0.05018,0.93,0.05018
model-1589266524,1589266601.774,0.97,0.02906,0.97,0.02906
model-1589266524,1589266602.808,0.95,0.04513,0.95,0.04513
model-1589266524,1589266603.848,0.92,0.05631,0.92,0.05631
model-1589266524,1589266604.915,0.93,0.05361,0.93,0.05361
model-1589266524,1589266606.046,0.94,0.04888,0.94,0.04888
model-1589266524,1589266606.599,0.94231,0.05001,0.94231,0.05001
model-1589266524,1589266607.606,0.925,0.04868,0.925,0.04868
model-1589266524,1589266608.552,0.955,0.03559,0.955,0.03559
model-1589266524,1589266609.497,0.915,0.06739,0.915,0.06739
model-1589266524,1589266610.473,0.915,0.05541,0.915,0.05541
model-1589266524,1589266611.487,0.96,0.02816,0.96,0.02816
model-1589266524,1589266612.582,0.955,0.04098,0.955,0.04098
model-1589266524,1589266613.665,0.95,0.04859,0.95,0.04859
model-1589266524,1589266614.72,0.94,0.0476,0.94,0.0476
model-1589266524,1589266615.785,0.905,0.06444,0.905,0.06444
model-1589266524,1589266616.812,0.895,0.06571,0.895,0.06571
model-1589266524,1589266617.829,0.96,0.03655,0.96,0.03655
model-1589266524,1589266618.857,0.94,0.0496,0.94,0.0496
model-1589266524,1589266619.955,0.915,0.07275,0.915,0.07275
model-1589266524,1589266620.98,0.915,0.04941,0.915,0.04941
model-1589266524,1589266621.984,0.945,0.04228,0.945,0.04228
model-1589266524,1589266623.07,0.96,0.03353,0.96,0.03353
model-1589266524,1589266624.093,0.95,0.03924,0.95,0.03924
model-1589266524,1589266625.263,0.95,0.03249,0.95,0.03249
model-1589266524,1589266626.275,0.975,0.02658,0.975,0.02658
model-1589266524,1589266627.289,0.95,0.03072,0.95,0.03072
model-1589266524,1589266627.83,0.97115,0.0361,0.97115,0.0361
model-1589266524,1589266628.842,0.94,0.04036,0.94,0.04036
model-1589266524,1589266629.896,0.97,0.0271,0.97,0.0271
model-1589266524,1589266631.059,0.955,0.04333,0.955,0.04333
model-1589266524,1589266632.035,0.95,0.03547,0.95,0.03547
model-1589266524,1589266632.996,0.99,0.01688,0.99,0.01688
model-1589266524,1589266634.057,0.95,0.03618,0.95,0.03618
model-1589266524,1589266635.129,0.955,0.03991,0.955,0.03991
model-1589266524,1589266636.207,0.94,0.04216,0.94,0.04216
model-1589266524,1589266637.221,0.95,0.03528,0.95,0.03528
model-1589266524,1589266638.256,0.97,0.03024,0.97,0.03024
model-1589266524,1589266639.287,0.97,0.02931,0.97,0.02931
model-1589266524,1589266640.348,0.955,0.04156,0.955,0.04156
model-1589266524,1589266641.342,0.95,0.03884,0.95,0.03884
model-1589266524,1589266642.34,0.97,0.02382,0.97,0.02382
model-1589266524,1589266643.364,0.97,0.02589,0.97,0.02589
model-1589266524,1589266644.363,0.985,0.01613,0.985,0.01613
model-1589266524,1589266645.352,0.975,0.0261,0.975,0.0261
model-1589266524,1589266646.345,0.96,0.02989,0.96,0.02989
model-1589266524,1589266647.338,0.98,0.02028,0.98,0.02028
model-1589266524,1589266648.386,0.99,0.01637,0.99,0.01637
model-1589266524,1589266648.921,0.96154,0.0304,0.96154,0.0304
model-1589266524,1589266649.923,0.94,0.03531,0.94,0.03531
model-1589266524,1589266650.936,0.97,0.02429,0.97,0.02429
model-1589266524,1589266651.961,0.965,0.03035,0.965,0.03035
model-1589266524,1589266653.077,0.97,0.0233,0.97,0.0233
model-1589266524,1589266654.129,0.99,0.01367,0.99,0.01367
model-1589266524,1589266655.191,0.965,0.03164,0.965,0.03164
model-1589266524,1589266656.217,0.965,0.02867,0.965,0.02867
model-1589266524,1589266657.174,0.955,0.0294,0.955,0.0294
model-1589266524,1589266658.143,0.955,0.02955,0.955,0.02955
model-1589266524,1589266659.101,0.975,0.02426,0.975,0.02426
model-1589266524,1589266660.062,0.985,0.01676,0.985,0.01676
model-1589266524,1589266661.022,0.96,0.03077,0.96,0.03077
model-1589266524,1589266661.996,0.95,0.03791,0.95,0.03791
model-1589266524,1589266662.966,0.985,0.01875,0.985,0.01875
model-1589266524,1589266663.935,0.97,0.02316,0.97,0.02316
model-1589266524,1589266664.965,0.985,0.01511,0.985,0.01511
model-1589266524,1589266666.007,0.965,0.02518,0.965,0.02518
model-1589266524,1589266667.026,0.96,0.01925,0.96,0.01925
model-1589266524,1589266668.061,0.98,0.01772,0.98,0.01772
model-1589266524,1589266669.108,0.995,0.00895,0.995,0.00895
model-1589266524,1589266669.674,0.96154,0.02609,0.96154,0.02609
model-1589266524,1589266670.691,0.965,0.02695,0.965,0.02695
model-1589266524,1589266671.732,0.98,0.01869,0.98,0.01869
model-1589266524,1589266672.76,0.97,0.02372,0.97,0.02372
model-1589266524,1589266673.779,0.985,0.01577,0.985,0.01577
model-1589266524,1589266674.8,0.99,0.0093,0.99,0.0093
model-1589266524,1589266675.806,0.97,0.02622,0.97,0.02622
model-1589266524,1589266676.798,0.98,0.01888,0.98,0.01888
model-1589266524,1589266677.799,0.98,0.02061,0.98,0.02061
model-1589266524,1589266678.781,0.97,0.02103,0.97,0.02103
model-1589266524,1589266679.803,0.985,0.01936,0.985,0.01936
model-1589266524,1589266680.849,1.0,0.01066,1.0,0.01066
model-1589266524,1589266681.838,0.97,0.02612,0.97,0.02612
model-1589266524,1589266682.824,0.955,0.03231,0.955,0.03231
model-1589266524,1589266683.827,0.98,0.01507,0.98,0.01507
model-1589266524,1589266684.814,0.97,0.02435,0.97,0.02435
model-1589266524,1589266685.816,0.985,0.01156,0.985,0.01156
model-1589266524,1589266686.82,0.975,0.01885,0.975,0.01885
model-1589266524,1589266687.809,0.97,0.02511,0.97,0.02511
model-1589266524,1589266688.804,0.985,0.01508,0.985,0.01508
model-1589266524,1589266689.78,0.995,0.00677,0.995,0.00677
model-1589266524,1589266690.301,0.97115,0.02685,0.97115,0.02685
model-1589266524,1589266691.281,0.95,0.03082,0.95,0.03082
model-1589266524,1589266692.265,0.975,0.01913,0.975,0.01913
model-1589266524,1589266693.303,0.97,0.02172,0.97,0.02172
model-1589266524,1589266694.329,0.99,0.01289,0.99,0.01289
model-1589266524,1589266695.331,0.985,0.01057,0.985,0.01057
model-1589266524,1589266696.349,0.98,0.02369,0.98,0.02369
model-1589266524,1589266697.356,0.99,0.01256,0.99,0.01256
model-1589266524,1589266698.358,0.98,0.01836,0.98,0.01836
model-1589266524,1589266699.404,0.975,0.01779,0.975,0.01779
model-1589266524,1589266700.425,0.975,0.01812,0.975,0.01812
model-1589266524,1589266701.453,1.0,0.00557,1.0,0.00557
model-1589266524,1589266702.53,0.975,0.02275,0.975,0.02275
model-1589266524,1589266703.57,0.99,0.01371,0.99,0.01371
model-1589266524,1589266704.592,0.99,0.01414,0.99,0.01414
model-1589266524,1589266705.689,0.985,0.01301,0.985,0.01301
model-1589266524,1589266706.671,0.99,0.00764,0.99,0.00764
model-1589266524,1589266707.699,0.98,0.01588,0.98,0.01588
model-1589266524,1589266708.718,0.98,0.01459,0.98,0.01459
model-1589266524,1589266709.739,0.995,0.01041,0.995,0.01041
model-1589266524,1589266710.749,0.995,0.0057,0.995,0.0057
model-1589266524,1589266711.288,0.97115,0.01701,0.97115,0.01701
model-1589266524,1589266712.308,0.97,0.01843,0.97,0.01843
model-1589266524,1589266713.334,0.985,0.01324,0.985,0.01324
model-1589266524,1589266714.294,0.985,0.01433,0.985,0.01433
model-1589266524,1589266715.316,0.99,0.00835,0.99,0.00835
model-1589266524,1589266716.348,0.995,0.0054,0.995,0.0054
model-1589266524,1589266717.373,0.98,0.01451,0.98,0.01451
model-1589266524,1589266718.361,0.995,0.00869,0.995,0.00869
model-1589266524,1589266719.324,0.98,0.01757,0.98,0.01757
model-1589266524,1589266720.308,0.98,0.01515,0.98,0.01515
model-1589266524,1589266721.294,0.985,0.01625,0.985,0.01625
model-1589266524,1589266722.266,1.0,0.00447,1.0,0.00447
model-1589266524,1589266723.238,0.985,0.01766,0.985,0.01766
model-1589266524,1589266724.241,0.97,0.01532,0.97,0.01532
model-1589266524,1589266725.231,0.975,0.01908,0.975,0.01908
model-1589266524,1589266726.263,0.99,0.01127,0.99,0.01127
model-1589266524,1589266727.281,1.0,0.00379,1.0,0.00379
model-1589266524,1589266728.315,0.98,0.01789,0.98,0.01789
model-1589266524,1589266729.368,0.985,0.01484,0.985,0.01484
model-1589266524,1589266730.374,0.99,0.01023,0.99,0.01023
model-1589266524,1589266731.342,1.0,0.0056,1.0,0.0056
model-1589266524,1589266731.851,0.96154,0.02296,0.96154,0.02296
model-1589266524,1589266732.878,0.98,0.01337,0.98,0.01337
model-1589266524,1589266733.91,0.975,0.01897,0.975,0.01897
model-1589266524,1589266734.954,0.975,0.01764,0.975,0.01764
model-1589266524,1589266736.025,0.995,0.00595,0.995,0.00595
model-1589266524,1589266737.056,0.99,0.00807,0.99,0.00807
model-1589266524,1589266738.064,0.975,0.01965,0.975,0.01965
model-1589266524,1589266739.103,0.995,0.00883,0.995,0.00883
model-1589266524,1589266740.144,0.985,0.01522,0.985,0.01522
model-1589266524,1589266741.181,0.965,0.02405,0.965,0.02405
model-1589266524,1589266742.205,0.99,0.01613,0.99,0.01613
model-1589266524,1589266743.229,0.99,0.00855,0.99,0.00855
model-1589266524,1589266744.254,0.975,0.02056,0.975,0.02056
model-1589266524,1589266745.297,0.985,0.01069,0.985,0.01069
model-1589266524,1589266746.34,0.99,0.01119,0.99,0.01119
model-1589266524,1589266747.363,0.985,0.0114,0.985,0.0114
model-1589266524,1589266748.369,0.99,0.00754,0.99,0.00754
model-1589266524,1589266749.392,0.985,0.01306,0.985,0.01306
model-1589266524,1589266750.4,0.995,0.01077,0.995,0.01077
model-1589266524,1589266751.412,0.985,0.01304,0.985,0.01304
model-1589266524,1589266752.438,0.995,0.00528,0.995,0.00528
model-1589266524,1589266752.963,0.98077,0.01651,0.98077,0.01651
model-1589266895,1589266897.268,0.445,0.25503,0.55,0.24175
model-1589266895,1589266898.655,0.46,0.25568,0.65,0.25029
model-1589266895,1589266900.12,0.645,0.24817,0.4,0.25063
model-1589266895,1589266901.933,0.465,0.249,0.5,0.24491
model-1589266895,1589266903.391,0.505,0.24726,0.65,0.24593
model-1589266895,1589266904.882,0.69,0.24246,0.45,0.24727
model-1589266895,1589266906.351,0.51,0.24219,0.5,0.23297
model-1589266895,1589266907.813,0.53,0.23303,0.8,0.20013
model-1589266895,1589266909.312,0.65,0.22477,0.85,0.20154
model-1589266895,1589266910.786,0.805,0.20353,0.7,0.21429
model-1589266895,1589266912.239,0.685,0.20949,0.65,0.20666
model-1589266895,1589266913.767,0.775,0.19304,0.9,0.13341
model-1589266895,1589266914.748,0.815,0.17219,0.95,0.10264
model-1589266895,1589266915.762,0.84,0.15397,0.95,0.07144
model-1589266895,1589266917.264,0.83,0.13716,0.75,0.15052
model-1589266895,1589266918.748,0.85,0.11791,0.95,0.09752
model-1589266895,1589266920.485,0.85,0.11652,0.95,0.08
model-1589266895,1589266922.097,0.885,0.10544,0.8,0.15723
model-1589266895,1589266923.663,0.83,0.1136,0.95,0.07899
model-1589266895,1589266925.31,0.79,0.12611,0.8,0.13485
model-1589266895,1589266926.124,0.81731,0.11583,0.9,0.07553
model-1589266895,1589266927.98,0.865,0.09794,0.95,0.02558
model-1589266895,1589266929.733,0.815,0.12469,0.95,0.04088
model-1589266895,1589266931.702,0.88,0.08833,0.8,0.17393
model-1589266895,1589266933.593,0.93,0.05493,0.85,0.13111
model-1589266895,1589266935.016,0.87,0.08944,0.95,0.07935
model-1589266895,1589266936.783,0.925,0.06774,0.85,0.09762
model-1589266895,1589266937.741,0.89,0.0812,0.85,0.0971
model-1589266895,1589266938.686,0.9,0.08305,0.9,0.07754
model-1589266895,1589266939.623,0.86,0.10813,1.0,0.01119
model-1589266895,1589266940.644,0.92,0.05931,1.0,0.03398
model-1589266895,1589266941.684,0.925,0.05985,0.95,0.04278
model-1589266895,1589266942.696,0.915,0.07689,0.9,0.0738
model-1589266895,1589266943.776,0.93,0.05717,0.9,0.056
model-1589266895,1589266944.863,0.9,0.0842,0.9,0.08181
model-1589266895,1589266945.961,0.935,0.05342,0.95,0.0173
model-1589266895,1589266947.082,0.91,0.06295,0.95,0.06094
model-1589266895,1589266948.12,0.925,0.06312,0.9,0.08527
model-1589266895,1589266949.168,0.935,0.04994,0.95,0.02632
model-1589266895,1589266950.252,0.935,0.04965,0.95,0.07339
model-1589266895,1589266951.347,0.885,0.07795,0.85,0.10035
model-1589266895,1589266951.919,0.91346,0.06185,1.0,0.00029
model-1589266895,1589266953.039,0.91,0.07441,0.8,0.12532
model-1589266895,1589266954.09,0.86,0.09473,0.95,0.02267
model-1589266895,1589266955.182,0.935,0.05265,0.85,0.10058
model-1589266895,1589266956.286,0.855,0.08233,0.9,0.06158
model-1589266895,1589266957.352,0.92,0.05984,1.0,0.00192
model-1589266895,1589266958.428,0.88,0.09539,0.85,0.12609
model-1589266895,1589266959.469,0.895,0.08123,1.0,0.00507
model-1589266895,1589266960.45,0.93,0.05182,0.95,0.03793
model-1589266895,1589266961.543,0.89,0.07468,0.85,0.07001
model-1589266895,1589266962.655,0.94,0.04949,0.9,0.0608
model-1589266895,1589266963.733,0.935,0.04439,0.95,0.03455
model-1589266895,1589266964.837,0.91,0.06492,0.95,0.03588
model-1589266895,1589266965.913,0.925,0.05691,1.0,0.01175
model-1589266895,1589266967.001,0.925,0.06357,0.95,0.03749
model-1589266895,1589266968.057,0.95,0.0404,0.85,0.06395
model-1589266895,1589266969.103,0.93,0.05317,1.0,0.00867
model-1589266895,1589266970.174,0.915,0.05067,0.95,0.03433
model-1589266895,1589266971.23,0.97,0.03128,0.85,0.06434
model-1589266895,1589266972.306,0.935,0.04301,0.9,0.06298
model-1589266895,1589266973.287,0.94,0.0508,0.9,0.06479
model-1589266895,1589266973.792,0.93269,0.05102,0.95,0.04273
model-1589266998,1589266999.789,0.57,0.24757,0.45,0.25604
model-1589266998,1589267000.834,0.45,0.25613,0.55,0.24807
model-1589266998,1589267001.793,0.485,0.25057,0.6,0.24967
model-1589266998,1589267002.797,0.685,0.24948,0.35,0.25488
model-1589266998,1589267003.793,0.465,0.2511,0.45,0.25096
model-1589266998,1589267004.726,0.535,0.24856,0.4,0.25278
model-1589266998,1589267005.665,0.54,0.24785,0.5,0.24905
model-1589266998,1589267006.628,0.495,0.24948,0.6,0.24427
model-1589266998,1589267007.595,0.505,0.24808,0.5,0.24715
model-1589266998,1589267008.546,0.58,0.24631,0.75,0.24236
model-1589266998,1589267009.531,0.67,0.244,0.65,0.2414
model-1589266998,1589267010.492,0.615,0.24219,0.65,0.23947
model-1589266998,1589267011.457,0.62,0.24011,0.5,0.2499
model-1589266998,1589267012.451,0.64,0.23668,0.55,0.23801
model-1589266998,1589267013.421,0.755,0.22663,0.7,0.22255
model-1589266998,1589267014.406,0.705,0.2239,0.65,0.21493
model-1589266998,1589267015.443,0.705,0.22045,0.6,0.21821
model-1589266998,1589267016.455,0.725,0.21006,0.7,0.19255
model-1589266998,1589267017.468,0.725,0.20832,0.85,0.18221
model-1589266998,1589267018.489,0.725,0.19916,0.6,0.19065
model-1589266998,1589267019.013,0.80769,0.16188,0.65,0.18939
model-1589266998,1589267019.982,0.77,0.16585,0.95,0.12199
model-1589266998,1589267020.953,0.82,0.1502,0.85,0.11265
model-1589266998,1589267021.91,0.865,0.12257,0.7,0.14269
model-1589266998,1589267022.877,0.855,0.12561,0.9,0.07676
model-1589266998,1589267023.829,0.865,0.12629,0.75,0.12561
model-1589266998,1589267024.835,0.85,0.11564,1.0,0.07254
model-1589266998,1589267025.839,0.915,0.08856,0.85,0.1343
model-1589266998,1589267026.873,0.855,0.09708,0.85,0.08815
model-1589266998,1589267027.896,0.86,0.1072,0.95,0.08662
model-1589266998,1589267028.943,0.905,0.07099,0.95,0.05157
model-1589266998,1589267030.007,0.895,0.07504,1.0,0.02717
model-1589266998,1589267031.046,0.91,0.06627,0.85,0.08528
model-1589266998,1589267032.051,0.875,0.08611,1.0,0.02313
model-1589266998,1589267033.071,0.95,0.04889,0.85,0.06627
model-1589266998,1589267034.072,0.95,0.03551,1.0,0.02085
model-1589266998,1589267035.067,0.905,0.07581,0.95,0.02827
model-1589266998,1589267036.04,0.92,0.05259,0.95,0.0396
model-1589266998,1589267037.051,0.945,0.05206,0.95,0.03253
model-1589266998,1589267038.065,0.885,0.08549,0.95,0.05015
model-1589266998,1589267039.057,0.905,0.07565,0.95,0.04485
model-1589266998,1589267039.603,0.96154,0.03154,0.95,0.02182
model-1589266998,1589267040.657,0.94,0.04994,0.9,0.07584
model-1589266998,1589267041.717,0.945,0.04493,1.0,0.01261
model-1589266998,1589267042.733,0.93,0.04692,1.0,0.01016
model-1589266998,1589267043.761,0.935,0.04508,0.95,0.01495
model-1589266998,1589267044.787,0.9,0.0682,0.95,0.04316
model-1589266998,1589267045.839,0.935,0.04664,0.95,0.02456
model-1589266998,1589267046.875,0.92,0.05469,1.0,0.00123
model-1589266998,1589267047.895,0.96,0.03859,0.85,0.12385
model-1589266998,1589267048.847,0.865,0.09837,0.9,0.04571
model-1589266998,1589267049.91,0.96,0.0385,1.0,0.00367
model-1589266998,1589267050.955,0.915,0.06131,1.0,0.00805
model-1589266998,1589267051.985,0.925,0.0492,1.0,0.00854
model-1589266998,1589267053.058,0.91,0.06741,0.9,0.07134
model-1589266998,1589267054.097,0.945,0.03254,0.85,0.08977
model-1589266998,1589267055.128,0.94,0.04105,0.95,0.02756
model-1589266998,1589267056.183,0.925,0.05905,0.8,0.10169
model-1589266998,1589267057.281,0.915,0.07047,0.9,0.05288
model-1589266998,1589267058.307,0.94,0.04375,0.95,0.04616
model-1589266998,1589267059.353,0.94,0.0526,0.95,0.04347
model-1589266998,1589267060.407,0.92,0.06201,0.95,0.03643
model-1589266998,1589267060.975,0.95192,0.04059,0.95,0.06159
model-1589266998,1589267062.021,0.9,0.0543,1.0,0.01719
model-1589266998,1589267063.118,0.955,0.04286,0.85,0.09603
model-1589266998,1589267064.15,0.955,0.03609,1.0,0.01547
model-1589266998,1589267065.18,0.93,0.04677,1.0,0.00012
model-1589266998,1589267066.271,0.935,0.05374,0.9,0.06489
model-1589266998,1589267067.299,0.975,0.02406,1.0,0.00975
model-1589266998,1589267068.336,0.945,0.03947,0.95,0.03415
model-1589266998,1589267069.381,0.935,0.05017,0.9,0.05693
model-1589266998,1589267070.456,0.96,0.03729,0.95,0.02235
model-1589266998,1589267071.488,0.955,0.03168,1.0,0.0053
model-1589266998,1589267072.505,0.93,0.05008,1.0,0.0039
model-1589266998,1589267073.49,0.95,0.03928,1.0,0.00642
model-1589266998,1589267074.468,0.94,0.04596,0.9,0.06433
model-1589266998,1589267075.443,0.98,0.02061,1.0,0.00851
model-1589266998,1589267076.417,0.975,0.02141,0.9,0.06025
model-1589266998,1589267077.398,0.95,0.04061,1.0,0.01733
model-1589266998,1589267078.484,0.96,0.03384,1.0,0.0004
model-1589266998,1589267079.544,0.965,0.03037,1.0,0.00856
model-1589266998,1589267080.533,0.94,0.04625,1.0,0.00524
model-1589266998,1589267081.522,0.95,0.03732,1.0,0.00421
model-1589266998,1589267082.051,0.97115,0.02236,0.9,0.03624
model-1589266998,1589267083.107,0.96,0.03218,1.0,0.00852
model-1589266998,1589267084.17,0.975,0.0279,0.95,0.0399
model-1589266998,1589267085.213,0.97,0.02568,1.0,0.00607
model-1589266998,1589267086.247,0.955,0.03345,0.9,0.05223
model-1589266998,1589267087.313,0.945,0.03585,1.0,0.00254
model-1589266998,1589267088.375,0.985,0.01976,0.95,0.02328
model-1589266998,1589267089.395,0.95,0.03525,1.0,0.00437
model-1589266998,1589267090.427,0.95,0.03258,1.0,0.01463
model-1589266998,1589267091.535,0.96,0.03212,1.0,0.00797
model-1589266998,1589267092.614,0.965,0.03325,1.0,0.00302
model-1589266998,1589267093.679,0.95,0.04353,1.0,0.00236
model-1589266998,1589267094.764,0.95,0.03736,1.0,0.00584
model-1589266998,1589267095.721,0.955,0.0351,0.95,0.02107
model-1589266998,1589267096.75,0.98,0.0178,0.9,0.05495
model-1589266998,1589267097.79,0.985,0.01266,1.0,0.01553
model-1589266998,1589267098.871,0.96,0.0353,0.9,0.05266
model-1589266998,1589267099.907,0.95,0.03096,0.9,0.05426
model-1589266998,1589267100.933,0.96,0.02767,1.0,0.00973
model-1589266998,1589267101.958,0.95,0.03583,0.95,0.02171
model-1589266998,1589267103.003,0.96,0.02848,1.0,0.00166
model-1589266998,1589267103.567,0.97115,0.02205,1.0,0.00121
model-1589267167,1589267168.64,0.55,0.2491,0.55,0.24543
model-1589267167,1589267169.357,0.57,0.244,0.2,0.32343
model-1589267167,1589267170.112,0.48,0.26416,0.55,0.23868
model-1589267167,1589267170.859,0.55,0.24174,0.45,0.24279
model-1589267167,1589267171.617,0.59,0.24154,0.95,0.23258
model-1589267167,1589267172.375,0.83,0.23639,0.95,0.21695
model-1589267167,1589267173.158,0.73,0.23496,0.85,0.21828
model-1589267167,1589267173.618,0.79,0.22051,0.8,0.18545
model-1589267167,1589267174.108,0.84,0.1949,0.85,0.16562
model-1589267167,1589267174.62,0.82,0.17276,0.7,0.23298
model-1589267167,1589267175.116,0.78,0.17444,0.8,0.1351
model-1589267167,1589267175.853,0.78,0.17899,0.85,0.12429
model-1589267167,1589267176.406,0.81,0.15513,0.95,0.09738
model-1589267167,1589267176.903,0.79,0.14457,0.8,0.12723
model-1589267167,1589267177.388,0.74,0.14906,0.9,0.07752
model-1589267167,1589267177.868,0.9,0.09091,0.85,0.09204
model-1589267167,1589267178.34,0.83,0.11499,0.8,0.11215
model-1589267167,1589267178.843,0.9,0.08454,0.85,0.10645
model-1589267167,1589267179.344,0.92,0.08666,0.85,0.10104
model-1589267167,1589267179.858,0.87,0.08846,0.9,0.08536
model-1589267167,1589267180.377,0.9,0.08077,0.8,0.08295
model-1589267167,1589267180.873,0.88,0.07768,1.0,0.02111
model-1589267167,1589267181.354,0.92,0.07,0.85,0.14247
model-1589267167,1589267181.836,0.91,0.07178,0.95,0.06589
model-1589267167,1589267182.305,0.89,0.08687,0.95,0.06891
model-1589267167,1589267182.789,0.96,0.04869,0.85,0.09883
model-1589267167,1589267183.293,0.92,0.08408,0.85,0.10429
model-1589267167,1589267183.8,0.86,0.08124,0.9,0.06326
model-1589267167,1589267184.281,0.9,0.07087,1.0,0.01418
model-1589267167,1589267184.773,0.86,0.10271,0.95,0.04544
model-1589267167,1589267185.279,0.96,0.03966,1.0,0.01048
model-1589267167,1589267185.787,0.88,0.07854,0.95,0.06613
model-1589267167,1589267186.288,0.86,0.10922,0.95,0.01624
model-1589267167,1589267186.787,0.89,0.07734,0.95,0.03358
model-1589267167,1589267187.278,0.89,0.07729,1.0,0.01453
model-1589267167,1589267187.788,0.87,0.08478,1.0,0.00851
model-1589267167,1589267188.294,0.93,0.05376,0.95,0.06786
model-1589267167,1589267188.807,0.89,0.08075,0.9,0.10028
model-1589267167,1589267189.307,0.95,0.03299,0.85,0.09722
model-1589267167,1589267189.833,0.89,0.07829,0.95,0.01729
model-1589267167,1589267190.317,0.88,0.07375,0.85,0.10127
model-1589267167,1589267190.369,1.0,0.03092,0.9,0.06843
model-1589267167,1589267190.935,0.97,0.0247,0.8,0.13827
model-1589267167,1589267191.453,0.86,0.11993,0.9,0.09329
model-1589267167,1589267191.973,0.88,0.10283,0.85,0.11816
model-1589267167,1589267192.489,0.88,0.08567,0.95,0.04746
model-1589267167,1589267193.004,0.85,0.13426,0.95,0.05664
model-1589267167,1589267193.535,0.9,0.10156,0.9,0.06785
model-1589267167,1589267194.063,0.87,0.10816,1.0,0.01273
model-1589267167,1589267194.594,0.88,0.08135,1.0,0.01107
model-1589267167,1589267195.103,0.89,0.06838,0.9,0.09113
model-1589267167,1589267195.64,0.8,0.13325,0.85,0.09885
model-1589267167,1589267196.155,0.91,0.0725,1.0,0.00848
model-1589267167,1589267196.669,0.89,0.06283,0.95,0.03499
model-1589267167,1589267197.211,0.89,0.09318,1.0,0.00839
model-1589267167,1589267197.75,0.93,0.05345,0.95,0.0442
model-1589267167,1589267198.278,0.93,0.05662,0.95,0.02878
model-1589267167,1589267198.807,0.95,0.04583,0.9,0.06
model-1589267167,1589267199.326,0.98,0.02958,1.0,0.00822
model-1589267167,1589267199.839,0.97,0.03267,0.8,0.09454
model-1589267167,1589267200.356,0.93,0.05868,0.95,0.02998
model-1589267167,1589267200.885,0.95,0.03179,0.95,0.04595
model-1589267167,1589267201.386,0.96,0.04508,1.0,0.00866
model-1589267167,1589267201.903,0.94,0.03964,1.0,0.01049
model-1589267167,1589267202.431,0.97,0.03015,0.95,0.0316
model-1589267167,1589267202.956,0.95,0.0318,0.85,0.07197
model-1589267167,1589267203.494,0.92,0.05191,1.0,0.00942
model-1589267167,1589267204.018,0.97,0.02087,1.0,0.00459
model-1589267167,1589267204.549,0.94,0.0423,1.0,0.01015
model-1589267167,1589267205.072,0.98,0.02517,1.0,0.01454
model-1589267167,1589267205.602,0.95,0.04041,1.0,0.02911
model-1589267167,1589267206.108,0.86,0.07794,0.95,0.03419
model-1589267167,1589267206.645,0.95,0.03615,1.0,0.00497
model-1589267167,1589267207.192,0.93,0.04628,0.95,0.02708
model-1589267167,1589267207.722,0.91,0.06768,0.95,0.03451
model-1589267167,1589267208.274,0.97,0.03263,1.0,0.0191
model-1589267167,1589267208.827,0.97,0.02757,0.95,0.03076
model-1589267167,1589267209.36,0.93,0.04439,1.0,0.01381
model-1589267167,1589267209.899,0.97,0.01983,1.0,0.00483
model-1589267167,1589267210.427,0.95,0.03334,1.0,0.01572
model-1589267167,1589267210.965,0.97,0.0203,0.9,0.03508
model-1589267167,1589267211.534,0.95,0.04259,0.95,0.02903
model-1589267167,1589267212.068,0.99,0.01689,0.95,0.02823
model-1589267167,1589267212.099,0.75,0.06839,0.95,0.02583
model-1589267167,1589267212.619,0.98,0.01731,0.85,0.12107
model-1589267167,1589267213.189,0.86,0.12146,0.9,0.06985
model-1589267167,1589267213.719,0.87,0.1085,0.9,0.10557
model-1589267167,1589267214.262,0.85,0.12239,0.85,0.13196
model-1589267167,1589267214.811,0.84,0.15145,0.85,0.11839
model-1589267167,1589267215.376,0.8,0.16665,0.8,0.16466
model-1589267167,1589267215.904,0.81,0.1548,0.9,0.12525
model-1589267167,1589267216.459,0.86,0.13193,0.8,0.13921
model-1589267167,1589267216.988,0.9,0.09475,0.9,0.09092
model-1589267167,1589267217.529,0.95,0.04755,0.9,0.07226
model-1589267167,1589267218.06,0.91,0.06441,1.0,0.00785
model-1589267167,1589267218.597,0.86,0.10994,0.9,0.04424
model-1589267167,1589267219.137,0.89,0.10852,1.0,0.00655
model-1589267167,1589267219.679,0.93,0.05009,1.0,0.00557
model-1589267167,1589267220.198,0.91,0.05689,1.0,0.02778
model-1589267167,1589267220.735,0.92,0.05274,0.9,0.05327
model-1589267167,1589267221.276,0.91,0.06178,0.95,0.02778
model-1589267167,1589267221.784,0.93,0.04053,0.9,0.04982
model-1589267167,1589267222.276,0.94,0.05073,0.85,0.08952
model-1589267167,1589267222.778,0.94,0.04451,0.85,0.08202
model-1589267167,1589267223.271,0.93,0.05983,1.0,0.01229
model-1589267167,1589267223.768,0.92,0.05099,0.9,0.06849
model-1589267167,1589267224.282,0.98,0.02973,0.9,0.07517
model-1589267167,1589267224.774,0.94,0.05521,0.9,0.06209
model-1589267167,1589267225.281,0.91,0.06145,1.0,0.00777
model-1589267167,1589267225.776,0.99,0.02347,0.85,0.08502
model-1589267167,1589267226.277,0.91,0.05666,0.95,0.02467
model-1589267167,1589267226.787,0.94,0.04022,1.0,0.00519
model-1589267167,1589267227.288,0.95,0.03828,0.95,0.02176
model-1589267167,1589267227.794,0.9,0.07011,0.9,0.05723
model-1589267167,1589267228.292,0.94,0.02966,1.0,0.00244
model-1589267167,1589267228.809,0.92,0.05616,1.0,0.02702
model-1589267167,1589267229.309,0.92,0.06361,0.95,0.02053
model-1589267167,1589267229.876,0.95,0.03007,1.0,0.00822
model-1589267167,1589267230.416,0.97,0.02436,1.0,0.00826
model-1589267167,1589267230.955,0.97,0.03651,1.0,0.01478
model-1589267167,1589267231.494,0.95,0.03242,0.95,0.04896
model-1589267167,1589267232.068,0.96,0.03687,0.95,0.01379
model-1589267167,1589267232.612,0.95,0.03196,0.95,0.02172
model-1589267167,1589267233.147,0.96,0.03468,1.0,0.01355
model-1589267167,1589267233.69,0.97,0.02852,1.0,0.00593
model-1589267167,1589267233.72,1.0,0.00084,1.0,0.00625
model-1589267167,1589267234.278,0.99,0.01105,1.0,0.00235
model-1589267167,1589267234.826,0.89,0.07663,0.9,0.04283
model-1589267167,1589267235.372,0.96,0.03548,0.95,0.02094
model-1589267167,1589267235.934,0.94,0.03526,0.9,0.05721
model-1589267167,1589267236.48,0.97,0.03738,0.95,0.01673
model-1589267167,1589267237.026,0.98,0.02112,1.0,0.01165
model-1589267167,1589267237.535,0.91,0.06636,1.0,0.01497
model-1589267167,1589267238.031,0.94,0.03838,1.0,0.00608
model-1589267167,1589267238.557,0.96,0.02923,1.0,0.00938
model-1589267167,1589267239.106,0.95,0.03491,0.95,0.0423
model-1589267167,1589267239.633,0.98,0.01922,0.95,0.02249
model-1589267167,1589267240.171,0.96,0.03215,1.0,0.00898
model-1589267167,1589267240.695,0.94,0.05883,1.0,0.02123
model-1589267167,1589267241.211,0.95,0.04136,1.0,0.0162
model-1589267167,1589267241.739,0.93,0.04499,0.95,0.01537
model-1589267167,1589267242.282,0.98,0.02409,0.95,0.04976
model-1589267167,1589267242.829,0.96,0.03122,0.9,0.05194
model-1589267167,1589267243.372,0.99,0.02093,0.95,0.01489
model-1589267167,1589267243.93,0.96,0.0369,1.0,0.00624
model-1589267167,1589267244.461,0.98,0.02112,0.95,0.03126
model-1589267167,1589267245.014,0.96,0.04362,0.95,0.04552
model-1589267167,1589267245.538,0.96,0.03298,1.0,0.00873
model-1589267167,1589267246.087,0.99,0.01873,1.0,0.00056
model-1589267167,1589267246.631,0.98,0.0105,1.0,0.00406
model-1589267167,1589267247.178,0.94,0.04508,1.0,0.0097
model-1589267167,1589267247.71,0.99,0.00887,1.0,0.0027
model-1589267167,1589267248.237,0.95,0.03282,1.0,0.0009
model-1589267167,1589267248.771,0.98,0.01362,1.0,0.00455
model-1589267167,1589267249.319,0.96,0.02478,1.0,0.00934
model-1589267167,1589267249.864,0.91,0.05737,0.95,0.02874
model-1589267167,1589267250.404,0.98,0.01924,1.0,0.00864
model-1589267167,1589267250.955,0.92,0.05127,1.0,0.00237
model-1589267167,1589267251.494,0.95,0.04714,0.95,0.03494
model-1589267167,1589267252.012,0.97,0.02051,1.0,0.01023
model-1589267167,1589267252.536,0.97,0.02062,0.95,0.02681
model-1589267167,1589267253.044,0.98,0.02297,1.0,0.00366
model-1589267167,1589267253.578,0.96,0.0309,0.95,0.03798
model-1589267167,1589267254.129,0.96,0.03176,0.9,0.03789
model-1589267167,1589267254.691,0.98,0.02354,1.0,0.00124
model-1589267167,1589267255.235,0.96,0.0264,1.0,0.01406
model-1589267167,1589267255.78,0.96,0.02763,1.0,0.01505
model-1589267167,1589267255.811,1.0,0.00082,0.95,0.02413
model-1589267167,1589267256.33,1.0,0.00385,0.9,0.06129
model-1589267167,1589267256.881,0.93,0.06092,1.0,0.01339
model-1589267167,1589267257.413,0.96,0.03365,0.95,0.04386
model-1589267167,1589267257.932,0.96,0.02968,1.0,0.03307
model-1589267167,1589267258.451,0.97,0.02809,0.95,0.0348
model-1589267167,1589267258.959,0.98,0.01934,1.0,0.00027
model-1589267167,1589267259.477,0.94,0.05249,1.0,0.01083
model-1589267167,1589267260.041,0.96,0.02648,0.95,0.02537
model-1589267167,1589267260.563,0.98,0.0199,0.95,0.03435
model-1589267167,1589267261.138,0.96,0.02369,1.0,0.01137
model-1589267167,1589267261.679,1.0,0.01072,1.0,0.01432
model-1589267167,1589267262.255,0.96,0.02377,0.95,0.03066
model-1589267167,1589267262.799,0.94,0.05214,0.95,0.03291
model-1589267167,1589267263.346,0.97,0.01993,1.0,0.01657
model-1589267167,1589267263.914,0.96,0.03358,1.0,0.00255
model-1589267167,1589267264.474,0.98,0.01666,0.95,0.03024
model-1589267167,1589267265.038,0.98,0.01789,1.0,0.00095
model-1589267167,1589267265.581,0.99,0.01136,1.0,0.00489
model-1589267167,1589267266.13,0.97,0.03379,0.9,0.05063
model-1589267167,1589267266.68,0.98,0.01871,1.0,0.00512
model-1589267167,1589267267.226,0.96,0.03506,1.0,0.00316
model-1589267167,1589267267.778,0.96,0.02627,1.0,0.0028
model-1589267167,1589267268.323,0.99,0.01327,0.95,0.02102
model-1589267167,1589267268.876,0.98,0.01382,1.0,0.00401
model-1589267167,1589267269.431,0.97,0.02429,1.0,0.00206
model-1589267167,1589267269.97,0.97,0.01867,1.0,0.00436
model-1589267167,1589267270.523,0.99,0.01595,1.0,0.01686
model-1589267167,1589267271.074,1.0,0.0097,1.0,0.0014
model-1589267167,1589267271.628,0.99,0.01948,1.0,0.00783
model-1589267167,1589267272.172,0.93,0.05879,1.0,0.00995
model-1589267167,1589267272.714,0.96,0.02254,1.0,0.01445
model-1589267167,1589267273.297,0.95,0.03428,0.95,0.03095
model-1589267167,1589267273.818,0.95,0.04071,1.0,0.01879
model-1589267167,1589267274.386,0.97,0.02183,0.95,0.02457
model-1589267167,1589267274.947,0.97,0.02332,1.0,0.00557
model-1589267167,1589267275.504,0.97,0.0217,1.0,0.023
model-1589267167,1589267276.074,0.99,0.00843,1.0,0.0124
model-1589267167,1589267276.636,0.96,0.02538,1.0,0.01826
model-1589267167,1589267277.207,0.99,0.01257,1.0,0.00183
model-1589267167,1589267277.736,0.97,0.0208,1.0,0.00485
model-1589267167,1589267278.243,1.0,0.00509,1.0,0.00772
model-1589267167,1589267278.276,1.0,0.00155,1.0,0.01049
model-1589267167,1589267278.817,1.0,0.00275,0.95,0.01505
model-1589267167,1589267279.355,0.93,0.05987,0.95,0.03013
model-1589267167,1589267279.883,0.96,0.02002,1.0,0.00088
model-1589267167,1589267280.396,0.98,0.0129,1.0,0.01286
model-1589267167,1589267280.948,0.97,0.01753,0.95,0.013
model-1589267167,1589267281.476,0.98,0.01712,1.0,0.01217
model-1589267167,1589267281.996,0.94,0.04265,1.0,0.01518
model-1589267167,1589267282.512,0.98,0.01739,1.0,0.00304
model-1589267167,1589267283.049,0.97,0.01826,1.0,0.00062
model-1589267167,1589267283.568,0.98,0.01012,1.0,0.00029
model-1589267167,1589267284.101,0.99,0.01417,1.0,0.00014
model-1589267167,1589267284.619,0.99,0.01389,1.0,0.00117
model-1589267167,1589267285.128,0.94,0.04733,0.95,0.03293
model-1589267167,1589267285.652,0.99,0.00605,1.0,0.00334
model-1589267167,1589267286.225,0.97,0.02251,1.0,0.00838
model-1589267167,1589267286.771,0.96,0.0266,0.95,0.02168
model-1589267167,1589267287.32,0.98,0.02255,1.0,0.00026
model-1589267167,1589267287.863,0.99,0.00828,1.0,0.01031
model-1589267167,1589267288.396,0.97,0.02729,1.0,0.00129
model-1589267167,1589267288.942,0.97,0.0284,1.0,0.00377
model-1589267167,1589267289.507,0.96,0.0343,1.0,0.00043
model-1589267167,1589267290.067,0.99,0.00993,1.0,0.00826
model-1589267167,1589267290.612,0.98,0.0148,1.0,7e-05
model-1589267167,1589267291.177,0.99,0.00935,1.0,0.00252
model-1589267167,1589267291.74,0.98,0.01904,1.0,0.00405
model-1589267167,1589267292.272,0.99,0.00753,1.0,0.0005
model-1589267167,1589267292.813,0.99,0.00941,1.0,0.00029
model-1589267167,1589267293.363,0.96,0.03275,1.0,0.00092
model-1589267167,1589267293.912,1.0,0.00509,1.0,0.00235
model-1589267167,1589267294.448,0.98,0.02648,1.0,4e-05
model-1589267167,1589267294.961,0.99,0.00647,0.95,0.03537
model-1589267167,1589267295.494,0.96,0.02869,1.0,0.0016
model-1589267167,1589267296.036,0.95,0.04178,1.0,0.00044
model-1589267167,1589267296.589,0.98,0.0159,1.0,0.00027
model-1589267167,1589267297.157,0.97,0.01669,1.0,0.00401
model-1589267167,1589267297.697,0.98,0.00954,1.0,0.00392
model-1589267167,1589267298.27,0.99,0.00716,1.0,7e-05
model-1589267167,1589267298.83,0.98,0.01668,1.0,0.00123
model-1589267167,1589267299.387,0.98,0.01431,1.0,0.00388
model-1589267167,1589267299.942,0.97,0.02991,0.95,0.0355
model-1589267167,1589267300.53,0.99,0.00852,1.0,0.01865
model-1589267167,1589267300.562,1.0,0.00059,0.95,0.01965
model-1589267167,1589267301.122,1.0,0.00191,1.0,0.00342
model-1589267167,1589267301.669,0.94,0.04692,1.0,0.00106
model-1589267167,1589267302.223,1.0,0.00784,1.0,0.00113
model-1589267167,1589267302.756,0.99,0.01162,1.0,0.00237
model-1589267167,1589267303.359,0.99,0.01188,1.0,0.00119
model-1589267167,1589267303.9,0.99,0.01475,0.95,0.01499
model-1589267167,1589267304.458,0.96,0.03093,1.0,0.00086
model-1589267167,1589267305.004,0.99,0.00841,1.0,0.00249
model-1589267167,1589267305.54,0.99,0.009,1.0,0.00047
model-1589267167,1589267306.109,1.0,0.00356,1.0,0.00013
model-1589267167,1589267306.695,0.99,0.00922,1.0,0.01076
model-1589267167,1589267307.236,0.99,0.01175,1.0,0.01118
model-1589267167,1589267307.789,0.94,0.03885,1.0,5e-05
model-1589267167,1589267308.345,1.0,0.00447,1.0,0.00126
model-1589267167,1589267308.888,0.98,0.0126,1.0,0.00963
model-1589267167,1589267309.454,0.98,0.01426,1.0,0.00061
model-1589267167,1589267309.993,0.98,0.01855,1.0,0.00303
model-1589267167,1589267310.547,0.99,0.00776,1.0,0.001
model-1589267167,1589267311.092,0.97,0.02504,1.0,0.00039
model-1589267167,1589267311.645,0.98,0.01272,1.0,0.00033
model-1589267167,1589267312.177,0.97,0.02456,1.0,0.00043
model-1589267167,1589267312.711,0.99,0.00864,1.0,0.01721
model-1589267167,1589267313.263,0.98,0.01357,1.0,0.01313
model-1589267167,1589267313.802,0.99,0.0075,1.0,0.01361
model-1589267167,1589267314.333,0.99,0.01533,1.0,0.00043
model-1589267167,1589267314.886,0.99,0.00872,0.95,0.02075
model-1589267167,1589267315.482,0.99,0.01036,1.0,0.00047
model-1589267167,1589267316.022,0.99,0.01587,0.95,0.03264
model-1589267167,1589267316.546,0.99,0.00481,1.0,0.00023
model-1589267167,1589267317.099,0.97,0.02373,1.0,0.00076
model-1589267167,1589267317.649,1.0,0.00124,1.0,0.00061
model-1589267167,1589267318.202,0.98,0.01916,1.0,0.01635
model-1589267167,1589267318.737,0.97,0.03483,1.0,0.01277
model-1589267167,1589267319.276,0.98,0.02067,1.0,0.016
model-1589267167,1589267319.835,0.99,0.01382,1.0,6e-05
model-1589267167,1589267320.367,1.0,0.00445,1.0,5e-05
model-1589267167,1589267320.906,1.0,0.00239,1.0,0.00019
model-1589267167,1589267321.492,0.99,0.01186,1.0,0.00133
model-1589267167,1589267322.057,0.98,0.00763,1.0,0.00856
model-1589267167,1589267322.621,0.97,0.0208,1.0,0.00098
model-1589267167,1589267323.174,1.0,0.00127,1.0,0.00086
model-1589267167,1589267323.231,1.0,0.00322,1.0,0.01222
model-1589267167,1589267323.744,1.0,0.00215,1.0,0.01352
model-1589267167,1589267324.28,0.96,0.03363,1.0,0.0053
model-1589267167,1589267324.812,0.98,0.00734,1.0,0.00065
model-1589267167,1589267325.349,1.0,0.00411,1.0,0.0004
model-1589267167,1589267325.889,0.99,0.00898,1.0,8e-05
model-1589267167,1589267326.396,0.99,0.0109,1.0,0.00567
model-1589267167,1589267326.92,0.98,0.01695,1.0,0.00639
model-1589267167,1589267327.474,1.0,0.00305,1.0,4e-05
model-1589267167,1589267328.045,1.0,0.00371,1.0,6e-05
model-1589267167,1589267328.593,0.98,0.00655,1.0,0.00196
model-1589267167,1589267329.14,1.0,0.00161,1.0,0.00297
model-1589267167,1589267329.66,0.99,0.00656,1.0,0.00258
model-1589267167,1589267330.177,0.96,0.03365,1.0,0.00342
model-1589267167,1589267330.677,0.98,0.00998,1.0,3e-05
model-1589267167,1589267331.177,0.98,0.00933,1.0,0.00381
model-1589267167,1589267331.679,0.99,0.00882,0.95,0.01709
model-1589267167,1589267332.216,0.98,0.01573,1.0,0.00156
model-1589267167,1589267332.765,0.99,0.00685,1.0,0.00601
model-1589267167,1589267333.323,0.97,0.02341,1.0,0.00305
model-1589267167,1589267333.854,0.99,0.01129,1.0,0.00204
model-1589267167,1589267334.452,0.97,0.02793,1.0,0.00015
model-1589267167,1589267335.031,0.99,0.00547,1.0,0.00116
model-1589267167,1589267335.58,0.97,0.01317,0.95,0.01803
model-1589267167,1589267336.13,1.0,0.00265,1.0,0.00045
model-1589267167,1589267336.715,0.96,0.02722,1.0,0.00025
model-1589267167,1589267337.251,1.0,0.00272,1.0,0.0006
model-1589267167,1589267337.812,0.99,0.00995,1.0,0.0001
model-1589267167,1589267338.362,1.0,0.00444,1.0,0.00044
model-1589267167,1589267338.89,1.0,0.00243,1.0,0.0017
model-1589267167,1589267339.456,0.97,0.02505,1.0,0.00408
model-1589267167,1589267340.002,1.0,0.0027,1.0,2e-05
model-1589267167,1589267340.539,0.98,0.02149,1.0,0.00127
model-1589267167,1589267341.083,0.98,0.02112,1.0,0.00246
model-1589267167,1589267341.611,0.99,0.01112,1.0,0.00388
model-1589267167,1589267342.15,1.0,0.00485,1.0,0.00097
model-1589267167,1589267342.69,1.0,0.00273,1.0,0.00537
model-1589267167,1589267343.23,1.0,0.00225,1.0,0.00043
model-1589267167,1589267343.76,0.99,0.01104,1.0,9e-05
model-1589267167,1589267344.322,0.99,0.00418,1.0,0.00276
model-1589267167,1589267344.837,0.99,0.01427,1.0,0.0001
model-1589267167,1589267345.357,1.0,0.00103,1.0,3e-05
model-1589267167,1589267345.403,1.0,0.00324,1.0,0.00302
model-1589267167,1589267345.921,1.0,0.0004,1.0,0.00059
model-1589267167,1589267346.432,0.96,0.03235,1.0,0.00471
model-1589267167,1589267346.95,0.99,0.00948,1.0,0.0001
model-1589267167,1589267347.46,0.99,0.00578,1.0,0.00169
model-1589267167,1589267348.027,0.99,0.00682,1.0,0.00177
model-1589267167,1589267348.56,0.99,0.00855,1.0,0.00017
model-1589267167,1589267349.121,0.99,0.01637,1.0,0.00184
model-1589267167,1589267349.725,1.0,0.00166,0.95,0.0179
model-1589267167,1589267350.521,1.0,0.00543,1.0,0.00034
model-1589267167,1589267351.288,1.0,0.00388,1.0,0.0003
model-1589267167,1589267351.833,1.0,0.00297,1.0,0.00165
model-1589267167,1589267352.354,1.0,0.00415,1.0,0.00018
model-1589267167,1589267352.881,0.97,0.02054,1.0,0.00045
model-1589267167,1589267353.403,1.0,0.00061,1.0,0.002
model-1589267167,1589267354.138,1.0,0.00919,1.0,0.01667
model-1589267167,1589267354.656,0.98,0.00849,1.0,8e-05
model-1589267167,1589267355.19,0.99,0.01126,1.0,3e-05
model-1589267167,1589267355.723,1.0,0.00228,1.0,0.00226
model-1589267167,1589267356.261,0.98,0.01999,1.0,0.00016
model-1589267167,1589267357.007,0.99,0.0117,1.0,0.00123
model-1589267167,1589267357.756,0.98,0.01808,1.0,0.00019
model-1589267167,1589267358.593,1.0,0.00411,1.0,0.00198
model-1589267167,1589267359.13,1.0,0.00324,1.0,0.00053
model-1589267167,1589267359.656,0.99,0.00563,1.0,0.0007
model-1589267167,1589267360.19,0.97,0.01698,1.0,0.00055
model-1589267167,1589267360.762,1.0,0.00236,1.0,0.00357
model-1589267167,1589267361.512,0.99,0.00916,0.95,0.02479
model-1589267167,1589267362.287,0.99,0.00669,1.0,0.00159
model-1589267167,1589267363.05,0.99,0.00402,1.0,1e-05
model-1589267167,1589267363.82,0.98,0.01605,1.0,0.00491
model-1589267167,1589267364.338,1.0,0.00153,1.0,0.00012
model-1589267167,1589267364.869,0.98,0.01587,1.0,0.00289
model-1589267167,1589267365.387,0.98,0.02023,1.0,7e-05
model-1589267167,1589267365.906,0.99,0.01077,1.0,8e-05
model-1589267167,1589267366.64,1.0,0.00223,1.0,0.00018
model-1589267167,1589267367.461,1.0,0.00183,1.0,0.00014
model-1589267167,1589267368.201,1.0,0.00197,1.0,0.00017
model-1589267167,1589267368.956,1.0,0.00822,1.0,0.00093
model-1589267167,1589267369.716,1.0,0.00347,1.0,0.00535
model-1589267167,1589267370.208,0.99,0.01264,1.0,0.00028
model-1589267167,1589267370.711,1.0,0.00142,1.0,0.00036
model-1589267167,1589267370.762,1.0,0.00683,1.0,0.00012
model-1589267167,1589267371.292,1.0,0.00041,1.0,0.00426
model-1589267167,1589267371.834,0.95,0.02781,1.0,0.00014
model-1589267167,1589267372.565,0.99,0.01272,1.0,5e-05
model-1589267167,1589267373.308,1.0,0.00379,1.0,0.00226
model-1589267167,1589267374.112,0.99,0.00562,1.0,0.00169
model-1589267167,1589267374.866,0.99,0.00543,1.0,0.00233
model-1589267167,1589267375.381,0.96,0.0293,1.0,4e-05
model-1589267167,1589267375.907,1.0,0.00088,1.0,0.00013
model-1589267167,1589267376.432,0.99,0.00624,1.0,0.00106
model-1589267167,1589267376.955,1.0,0.0026,1.0,0.00421
model-1589267167,1589267377.795,0.99,0.0083,1.0,1e-05
model-1589267167,1589267378.567,0.99,0.00666,1.0,0.00882
model-1589267167,1589267379.332,0.99,0.0155,1.0,0.00128
model-1589267167,1589267380.115,1.0,0.00027,1.0,0.0051
model-1589267167,1589267380.648,0.98,0.01526,1.0,9e-05
model-1589267167,1589267381.172,0.98,0.01391,1.0,0.00253
model-1589267167,1589267381.691,0.99,0.01295,0.95,0.03361
model-1589267167,1589267382.208,1.0,0.00324,1.0,0.00045
model-1589267167,1589267382.963,0.97,0.02653,1.0,0.0019
model-1589267167,1589267383.723,0.99,0.01334,1.0,0.00185
model-1589267167,1589267384.227,0.98,0.02334,1.0,0.00018
model-1589267167,1589267384.748,1.0,0.00263,1.0,0.0006
model-1589267167,1589267385.275,0.98,0.00861,1.0,0.00047
model-1589267167,1589267385.792,1.0,0.00025,1.0,0.00113
model-1589267167,1589267386.547,0.97,0.02452,0.95,0.01359
model-1589267167,1589267387.309,1.0,0.00194,1.0,0.00073
model-1589267167,1589267388.146,0.98,0.01523,1.0,0.00073
model-1589267167,1589267388.927,1.0,0.00484,1.0,0.00037
model-1589267167,1589267389.444,0.99,0.00506,1.0,0.00041
model-1589267167,1589267389.961,0.98,0.02025,1.0,0.00174
model-1589267167,1589267390.477,1.0,0.00396,1.0,0.00403
model-1589267167,1589267390.981,0.95,0.03207,1.0,0.0003
model-1589267167,1589267391.727,0.97,0.0199,1.0,0.00042
model-1589267167,1589267392.483,0.99,0.0087,1.0,0.0002
model-1589267167,1589267393.26,1.0,0.00168,1.0,0.00012
model-1589267167,1589267394.02,1.0,0.00163,0.95,0.0204
model-1589267167,1589267394.783,1.0,0.00577,1.0,0.00287
model-1589267167,1589267395.546,0.99,0.01792,1.0,0.0005
model-1589267167,1589267396.315,1.0,0.00313,1.0,0.00064
model-1589267167,1589267396.808,0.99,0.0123,1.0,0.00176
model-1589267167,1589267397.32,1.0,0.002,1.0,3e-05
model-1589267167,1589267397.375,1.0,0.00047,1.0,0.00318
model-E10-B100-1589305822,1589305824.669,0.43,0.26055,0.35,0.25761
model-E10-B100-1589305822,1589305825.326,0.42,0.25537,0.7,0.2298
model-E10-B100-1589305822,1589305825.993,0.54,0.24614,0.7,0.21493
model-E10-B100-1589305822,1589305826.611,0.53,0.24681,0.75,0.2086
model-E10-B100-1589305822,1589305827.223,0.58,0.23374,0.6,0.22519
model-E10-B100-1589305822,1589305827.836,0.46,0.24651,0.7,0.24229
model-E10-B100-1589305822,1589305828.454,0.58,0.23201,0.8,0.20864
model-E10-B100-1589305822,1589305829.077,0.74,0.22237,0.65,0.21294
model-E10-B100-1589305822,1589305829.746,0.69,0.20608,0.75,0.17579
model-E10-B100-1589305822,1589305830.383,0.8,0.18137,0.9,0.09854
model-E10-B100-1589305822,1589305831.031,0.84,0.15287,0.85,0.13661
model-E10-B100-1589305822,1589305831.834,0.77,0.16261,0.8,0.15038
model-E10-B100-1589305822,1589305832.466,0.78,0.15634,0.9,0.08791
model-E10-B100-1589305822,1589305833.185,0.84,0.13031,0.7,0.1582
model-E10-B100-1589305822,1589305833.827,0.83,0.11109,1.0,0.09313
model-E10-B100-1589305822,1589305834.478,0.84,0.10555,0.8,0.12858
model-E10-B100-1589305822,1589305835.107,0.82,0.12554,0.9,0.09505
model-E10-B100-1589305822,1589305835.734,0.89,0.09444,0.85,0.07737
model-E10-B100-1589305822,1589305836.362,0.86,0.10535,0.9,0.06297
model-E10-B100-1589305822,1589305837.079,0.93,0.0684,1.0,0.03112
model-E10-B100-1589305822,1589305837.704,0.87,0.09145,0.8,0.09315
model-E10-B100-1589305822,1589305838.34,0.88,0.08982,0.9,0.04605
model-E10-B100-1589305822,1589305838.978,0.89,0.09083,0.9,0.06078
model-E10-B100-1589305822,1589305839.63,0.92,0.05964,0.9,0.09678
model-E10-B100-1589305822,1589305840.267,0.89,0.07997,1.0,0.02437
model-E10-B100-1589305822,1589305840.897,0.9,0.0726,0.95,0.02945
model-E10-B100-1589305822,1589305841.522,0.85,0.08267,0.9,0.10593
model-E10-B100-1589305822,1589305842.249,0.87,0.09888,1.0,0.03091
model-E10-B100-1589305822,1589305842.88,0.93,0.05391,0.9,0.08617
model-E10-B100-1589305822,1589305843.509,0.92,0.0614,0.95,0.04498
model-E10-B100-1589305822,1589305844.164,0.87,0.09058,0.95,0.03695
model-E10-B100-1589305822,1589305844.821,0.92,0.05639,0.85,0.08061
model-E10-B100-1589305822,1589305845.484,0.86,0.09179,1.0,0.01281
model-E10-B100-1589305822,1589305846.122,0.9,0.06434,0.95,0.01984
model-E10-B100-1589305822,1589305846.758,0.96,0.0312,0.95,0.03471
model-E10-B100-1589305822,1589305847.405,0.94,0.04961,0.95,0.05596
model-E10-B100-1589305822,1589305848.173,0.87,0.08652,1.0,0.00648
model-E10-B100-1589305822,1589305848.816,0.88,0.07626,0.95,0.02517
model-E10-B100-1589305822,1589305849.48,0.9,0.08065,0.95,0.03315
model-E10-B100-1589305822,1589305850.158,0.91,0.05693,0.8,0.10142
model-E10-B100-1589305822,1589305850.8,0.92,0.06154,1.0,0.01162
model-E10-B100-1589305822,1589305851.005,1.0,0.04444,0.7,0.18836
model-E10-B100-1589305822,1589305851.683,0.88,0.09375,0.8,0.16426
model-E10-B100-1589305822,1589305852.321,0.84,0.12442,0.6,0.35666
model-E10-B100-1589305822,1589305853.005,0.84,0.13619,0.8,0.154
model-E10-B100-1589305822,1589305853.647,0.82,0.16002,0.75,0.2334
model-E10-B100-1589305822,1589305854.292,0.85,0.12043,0.8,0.18658
model-E10-B100-1589305822,1589305854.937,0.88,0.09983,0.8,0.15737
model-E10-B100-1589305822,1589305855.779,0.86,0.12457,0.65,0.22644
model-E10-B100-1589305822,1589305856.433,0.84,0.13628,0.85,0.11532
model-E10-B100-1589305822,1589305857.076,0.87,0.08739,0.85,0.1251
model-E10-B100-1589305822,1589305857.728,0.85,0.10546,0.95,0.05041
model-E10-B100-1589305822,1589305858.393,0.92,0.07724,0.85,0.08648
model-E10-B100-1589305822,1589305859.044,0.93,0.07201,0.95,0.06918
model-E10-B100-1589305822,1589305859.708,0.93,0.04744,1.0,0.0297
model-E10-B100-1589305822,1589305860.373,0.86,0.1029,0.95,0.03301
model-E10-B100-1589305822,1589305861.045,0.9,0.06653,0.9,0.05416
model-E10-B100-1589305822,1589305861.719,0.89,0.07425,0.9,0.04525
model-E10-B100-1589305822,1589305862.378,0.92,0.05722,0.95,0.01894
model-E10-B100-1589305822,1589305863.036,0.92,0.05281,0.95,0.05064
model-E10-B100-1589305822,1589305863.7,0.88,0.09103,1.0,0.0069
model-E10-B100-1589305822,1589305864.367,0.92,0.06373,0.95,0.03977
model-E10-B100-1589305822,1589305865.023,0.88,0.07526,1.0,0.0079
model-E10-B100-1589305822,1589305865.906,0.9,0.06386,0.95,0.02336
model-E10-B100-1589305822,1589305866.556,0.95,0.06684,1.0,0.02508
model-E10-B100-1589305822,1589305867.205,0.9,0.06716,1.0,0.01413
model-E10-B100-1589305822,1589305867.868,0.95,0.03811,0.85,0.07367
model-E10-B100-1589305822,1589305868.532,0.92,0.05158,0.9,0.08276
model-E10-B100-1589305822,1589305869.186,0.96,0.03942,0.95,0.02585
model-E10-B100-1589305822,1589305869.841,0.9,0.08252,1.0,0.0216
model-E10-B100-1589305822,1589305870.506,0.95,0.03185,1.0,0.01808
model-E10-B100-1589305822,1589305871.176,0.95,0.04063,0.9,0.04358
model-E10-B100-1589305822,1589305871.871,0.89,0.07339,0.95,0.04989
model-E10-B100-1589305822,1589305872.554,0.95,0.03616,1.0,0.01518
model-E10-B100-1589305822,1589305873.237,0.88,0.06392,0.95,0.01564
model-E10-B100-1589305822,1589305873.9,0.94,0.04069,1.0,0.00595
model-E10-B100-1589305822,1589305874.564,0.96,0.03129,1.0,0.00578
model-E10-B100-1589305822,1589305875.233,0.97,0.03674,0.85,0.0751
model-E10-B100-1589305822,1589305875.894,0.97,0.02966,0.95,0.04992
model-E10-B100-1589305822,1589305876.551,0.95,0.04688,0.9,0.04477
model-E10-B100-1589305822,1589305877.216,0.94,0.05315,1.0,0.00288
model-E10-B100-1589305822,1589305878.169,0.94,0.04962,0.95,0.03211
model-E10-B100-1589305822,1589305878.838,0.96,0.03443,0.95,0.04124
model-E10-B100-1589305822,1589305879.05,1.0,0.00106,1.0,0.01029
model-E10-B100-1589305822,1589305879.733,0.95,0.05017,1.0,0.00585
model-E10-B100-1589305822,1589305880.403,0.94,0.05207,1.0,0.00211
model-E10-B100-1589305822,1589305881.107,0.95,0.03841,0.95,0.02426
model-E10-B100-1589305822,1589305881.778,0.93,0.04836,1.0,0.01124
model-E10-B100-1589305822,1589305882.442,0.96,0.03519,1.0,0.02296
model-E10-B100-1589305822,1589305883.105,0.94,0.03865,0.95,0.03522
model-E10-B100-1589305822,1589305883.779,0.96,0.04227,1.0,0.00808
model-E10-B100-1589305822,1589305884.451,0.96,0.03342,1.0,0.01234
model-E10-B100-1589305822,1589305885.138,0.92,0.04343,1.0,0.00315
model-E10-B100-1589305822,1589305885.81,0.96,0.0296,1.0,0.02267
model-E10-B100-1589305822,1589305886.484,0.97,0.01926,1.0,0.01096
model-E10-B100-1589305822,1589305887.151,0.9,0.07317,0.95,0.02578
model-E10-B100-1589305822,1589305887.828,0.97,0.02108,1.0,0.00417
model-E10-B100-1589305822,1589305888.506,0.93,0.04307,1.0,0.00036
model-E10-B100-1589305822,1589305889.181,0.96,0.022,1.0,0.0019
model-E10-B100-1589305822,1589305889.855,0.98,0.01948,1.0,0.0041
model-E10-B100-1589305822,1589305890.529,0.98,0.02446,1.0,0.01939
model-E10-B100-1589305822,1589305891.215,0.96,0.02837,1.0,0.01635
model-E10-B100-1589305822,1589305891.904,0.95,0.04205,1.0,0.01009
model-E10-B100-1589305822,1589305892.964,0.97,0.02683,1.0,0.00075
model-E10-B100-1589305822,1589305893.623,0.98,0.01669,1.0,0.00262
model-E10-B100-1589305822,1589305894.279,0.99,0.01349,1.0,0.00401
model-E10-B100-1589305822,1589305895.102,0.97,0.02924,1.0,0.01206
model-E10-B100-1589305822,1589305895.768,0.96,0.02251,1.0,4e-05
model-E10-B100-1589305822,1589305896.435,0.99,0.01648,1.0,0.00314
model-E10-B100-1589305822,1589305897.11,0.97,0.01872,1.0,0.00638
model-E10-B100-1589305822,1589305897.781,0.97,0.01963,1.0,0.00228
model-E10-B100-1589305822,1589305898.454,0.9,0.07003,1.0,0.00162
model-E10-B100-1589305822,1589305899.117,0.99,0.00891,1.0,0.01263
model-E10-B100-1589305822,1589305899.769,0.98,0.0151,1.0,0.0065
model-E10-B100-1589305822,1589305900.43,0.95,0.03912,1.0,0.00258
model-E10-B100-1589305822,1589305901.107,0.98,0.02049,1.0,0.0073
model-E10-B100-1589305822,1589305901.803,0.94,0.03321,1.0,0.00079
model-E10-B100-1589305822,1589305902.478,0.93,0.04157,1.0,0.00067
model-E10-B100-1589305822,1589305903.142,0.96,0.03082,1.0,0.00019
model-E10-B100-1589305822,1589305903.826,0.98,0.01965,1.0,0.00414
model-E10-B100-1589305822,1589305904.5,1.0,0.00795,1.0,0.00527
model-E10-B100-1589305822,1589305905.197,0.92,0.04754,1.0,0.01238
model-E10-B100-1589305822,1589305905.868,0.96,0.02845,1.0,2e-05
model-E10-B100-1589305822,1589305906.544,0.95,0.04317,1.0,0.00601
model-E10-B100-1589305822,1589305907.218,0.97,0.02152,1.0,0.0004
model-E10-B100-1589305822,1589305907.426,1.0,1e-05,1.0,0.00141
model-E10-B100-1589305822,1589305908.092,0.96,0.03182,0.9,0.08413
model-E10-B100-1589305822,1589305908.765,0.89,0.07157,1.0,0.00271
model-E10-B100-1589305822,1589305909.437,0.97,0.02317,1.0,0.00059
model-E10-B100-1589305822,1589305910.11,0.94,0.04156,0.95,0.04619
model-E10-B100-1589305822,1589305910.785,0.91,0.06533,0.95,0.05917
model-E10-B100-1589305974,1589305975.143,0.48,0.25262,0.4,0.26239
model-E10-B100-1589305974,1589305975.797,0.53,0.2465,0.5,0.24588
model-E10-B100-1589305974,1589305976.28,0.56,0.24483,0.55,0.23856
model-E10-B100-1589305974,1589305976.753,0.62,0.23469,0.65,0.22417
model-E10-B100-1589305974,1589305977.218,0.56,0.23787,0.7,0.22117
model-E10-B100-1589305974,1589305977.686,0.67,0.22746,0.85,0.20921
model-E10-B100-1589305974,1589305978.33,0.86,0.20907,0.7,0.18587
model-E10-B100-1589305974,1589305978.809,0.51,0.24033,0.9,0.18882
model-E10-B100-1589305974,1589305979.282,0.76,0.1923,0.85,0.15179
model-E10-B100-1589305974,1589305979.754,0.75,0.19842,0.8,0.16722
model-E10-B100-1589305974,1589305980.229,0.6,0.20531,0.85,0.15573
model-E10-B100-1589305974,1589305980.865,0.83,0.17119,0.8,0.15558
model-E10-B100-1589305974,1589305981.343,0.84,0.14704,0.8,0.12461
model-E10-B100-1589305974,1589305981.814,0.74,0.14901,0.7,0.16895
model-E10-B100-1589305974,1589305982.286,0.81,0.13552,0.8,0.12238
model-E10-B100-1589305974,1589305982.754,0.9,0.10756,0.95,0.07447
model-E10-B100-1589305974,1589305983.416,0.82,0.12876,0.8,0.13643
model-E10-B100-1589305974,1589305983.899,0.84,0.11197,0.9,0.09546
model-E10-B100-1589305974,1589305984.375,0.86,0.09002,1.0,0.03767
model-E10-B100-1589305974,1589305984.851,0.81,0.1252,0.8,0.15774
model-E10-B100-1589305974,1589305985.33,0.87,0.10325,0.85,0.07833
model-E10-B100-1589305974,1589305985.968,0.88,0.085,0.9,0.06997
model-E10-B100-1589305974,1589305986.421,0.86,0.09097,0.75,0.1779
model-E10-B100-1589305974,1589305986.876,0.83,0.10195,0.9,0.0884
model-E10-B100-1589305974,1589305987.337,0.91,0.06584,0.95,0.04502
model-E10-B100-1589305974,1589305987.795,0.87,0.09339,0.95,0.04089
model-E10-B100-1589305974,1589305988.425,0.85,0.08693,0.95,0.0209
model-E10-B100-1589305974,1589305988.892,0.89,0.07228,1.0,0.01289
model-E10-B100-1589305974,1589305989.367,0.91,0.07151,0.9,0.06806
model-E10-B100-1589305974,1589305989.838,0.85,0.11958,1.0,0.02992
model-E10-B100-1589305974,1589305990.321,0.89,0.0829,0.85,0.08481
model-E10-B100-1589305974,1589305990.98,0.87,0.08848,0.8,0.10902
model-E10-B100-1589305974,1589305991.472,0.88,0.07992,0.9,0.03784
model-E10-B100-1589305974,1589305991.97,0.91,0.07711,0.9,0.10911
model-E10-B100-1589305974,1589305992.468,0.86,0.08412,1.0,0.01218
model-E10-B100-1589305974,1589305992.951,0.91,0.06853,0.95,0.04019
model-E10-B100-1589305974,1589305993.591,0.9,0.06164,0.95,0.05517
model-E10-B100-1589305974,1589305994.059,0.91,0.06276,0.85,0.11446
model-E10-B100-1589305974,1589305994.522,0.87,0.09472,0.95,0.04151
model-E10-B100-1589305974,1589305994.985,0.93,0.05572,1.0,0.00821
model-E10-B100-1589305974,1589305995.447,0.93,0.04186,0.9,0.05265
model-E10-B100-1589305974,1589305995.635,1.0,0.00585,0.8,0.1428
model-E10-B100-1589305974,1589305996.103,0.88,0.09398,1.0,0.00842
model-E10-B100-1589305974,1589305996.724,0.87,0.07666,0.9,0.07445
model-E10-B100-1589305974,1589305997.194,0.94,0.05399,1.0,0.02935
model-E10-B100-1589305974,1589305997.67,0.97,0.04282,1.0,0.01454
model-E10-B100-1589305974,1589305998.144,0.91,0.07677,0.95,0.04175
model-E10-B100-1589305974,1589305998.62,0.89,0.07893,0.85,0.06138
model-E10-B100-1589305974,1589305999.275,0.92,0.05828,0.95,0.05119
model-E10-B100-1589305974,1589305999.764,0.9,0.06458,0.95,0.02173
model-E10-B100-1589305974,1589306000.241,0.9,0.06468,1.0,0.02228
model-E10-B100-1589305974,1589306000.719,0.94,0.04787,1.0,0.00625
model-E10-B100-1589305974,1589306001.198,0.92,0.06697,1.0,0.01209
model-E10-B100-1589305974,1589306001.847,0.9,0.06879,0.95,0.027
model-E10-B100-1589305974,1589306002.333,0.96,0.04188,0.95,0.04378
model-E10-B100-1589305974,1589306002.809,0.92,0.05368,0.95,0.037
model-E10-B100-1589305974,1589306003.295,0.97,0.03169,1.0,0.00839
model-E10-B100-1589305974,1589306003.773,0.95,0.04019,0.95,0.04003
model-E10-B100-1589305974,1589306004.429,0.92,0.05696,0.9,0.06641
model-E10-B100-1589305974,1589306004.905,0.95,0.03665,1.0,0.00402
model-E10-B100-1589305974,1589306005.365,0.94,0.04223,1.0,0.00479
model-E10-B100-1589305974,1589306005.836,0.92,0.05522,1.0,0.00458
model-E10-B100-1589305974,1589306006.304,0.96,0.04508,1.0,0.01373
model-E10-B100-1589305974,1589306006.939,0.97,0.02628,0.95,0.03468
model-E10-B100-1589305974,1589306007.407,0.94,0.0488,1.0,0.01189
model-E10-B100-1589305974,1589306007.878,0.97,0.03215,1.0,0.00692
model-E10-B100-1589305974,1589306008.342,0.99,0.02042,0.95,0.06961
model-E10-B100-1589305974,1589306008.808,0.91,0.06446,0.95,0.03642
model-E10-B100-1589305974,1589306009.444,0.91,0.05159,0.95,0.0202
model-E10-B100-1589305974,1589306009.932,0.95,0.0432,0.9,0.07634
model-E10-B100-1589305974,1589306010.405,0.93,0.04619,0.9,0.03977
model-E10-B100-1589305974,1589306010.884,0.93,0.05775,1.0,0.00691
model-E10-B100-1589305974,1589306011.359,0.95,0.04482,1.0,0.00864
model-E10-B100-1589305974,1589306012.008,0.96,0.03992,1.0,0.01156
model-E10-B100-1589305974,1589306012.492,0.97,0.02774,0.95,0.02406
model-E10-B100-1589305974,1589306012.974,0.95,0.04264,0.9,0.05791
model-E10-B100-1589305974,1589306013.475,0.93,0.04982,1.0,0.0102
model-E10-B100-1589305974,1589306013.973,0.94,0.05555,0.9,0.04628
model-E10-B100-1589305974,1589306014.639,0.97,0.02799,0.95,0.02896
model-E10-B100-1589305974,1589306015.151,0.99,0.01524,1.0,0.01228
model-E10-B100-1589305974,1589306015.684,0.9,0.04508,0.95,0.03153
model-E10-B100-1589305974,1589306016.184,0.96,0.02661,0.9,0.05021
model-E10-B100-1589305974,1589306016.685,0.97,0.02567,0.95,0.03597
model-E10-B100-1589305974,1589306016.883,1.0,0.01384,0.85,0.08737
model-E10-B100-1589305974,1589306017.375,0.92,0.06152,1.0,0.0127
model-E10-B100-1589305974,1589306018.024,0.91,0.06135,1.0,0.00444
model-E10-B100-1589305974,1589306018.515,0.97,0.03616,0.9,0.07944
model-E10-B100-1589305974,1589306018.999,0.97,0.02775,0.95,0.03624
model-E10-B100-1589305974,1589306019.481,0.94,0.04193,1.0,0.01421
model-E10-B100-1589305974,1589306019.964,0.94,0.04299,1.0,0.02524
model-E10-B100-1589305974,1589306020.619,0.94,0.03638,0.95,0.04648
model-E10-B100-1589305974,1589306021.111,0.89,0.05745,0.95,0.01344
model-E10-B100-1589305974,1589306021.585,0.98,0.03257,0.9,0.04256
model-E10-B100-1589305974,1589306022.062,0.95,0.0325,0.95,0.04022
model-E10-B100-1589305974,1589306022.539,0.92,0.05807,1.0,0.00639
model-E10-B100-1589305974,1589306023.184,0.91,0.05092,1.0,0.00051
model-E10-B100-1589305974,1589306023.649,0.97,0.03035,1.0,0.00064
model-E10-B100-1589305974,1589306024.109,0.93,0.04285,0.95,0.04398
model-E10-B100-1589305974,1589306024.568,0.97,0.02632,1.0,0.00908
model-E10-B100-1589305974,1589306025.026,0.98,0.01947,1.0,0.00211
model-E10-B100-1589305974,1589306025.657,0.92,0.0608,1.0,0.00949
model-E10-B100-1589305974,1589306026.142,0.96,0.03379,1.0,0.00144
model-E10-B100-1589305974,1589306026.621,0.97,0.03169,0.95,0.02943
model-E10-B100-1589305974,1589306027.082,0.95,0.03601,0.95,0.05551
model-E10-B100-1589305974,1589306027.545,0.95,0.04199,1.0,0.01403
model-E10-B100-1589305974,1589306028.184,0.97,0.02822,1.0,0.01777
model-E10-B100-1589305974,1589306028.682,0.95,0.03634,1.0,0.00718
model-E10-B100-1589305974,1589306029.149,0.98,0.02132,0.9,0.05261
model-E10-B100-1589305974,1589306029.638,1.0,0.01031,0.95,0.01956
model-E10-B100-1589305974,1589306030.135,0.92,0.06524,0.95,0.02208
model-E10-B100-1589305974,1589306030.802,0.95,0.04024,1.0,0.01375
model-E10-B100-1589305974,1589306031.287,0.96,0.02749,1.0,0.01489
model-E10-B100-1589305974,1589306031.754,0.96,0.03614,1.0,0.01922
model-E10-B100-1589305974,1589306032.259,0.96,0.03356,1.0,0.00197
model-E10-B100-1589305974,1589306032.75,0.97,0.02489,1.0,0.00327
model-E10-B100-1589305974,1589306033.459,0.98,0.02288,0.95,0.02633
model-E10-B100-1589305974,1589306033.957,0.97,0.02451,0.95,0.04706
model-E10-B100-1589305974,1589306034.466,0.93,0.04347,0.95,0.02754
model-E10-B100-1589305974,1589306034.965,0.93,0.04774,0.95,0.02096
model-E10-B100-1589305974,1589306035.452,0.94,0.0485,0.95,0.01932
model-E10-B100-1589305974,1589306036.118,0.97,0.01817,0.95,0.01748
model-E10-B100-1589305974,1589306036.634,0.99,0.01283,0.95,0.02169
model-E10-B100-1589305974,1589306037.12,0.96,0.025,1.0,0.01049
model-E10-B100-1589305974,1589306037.604,0.99,0.01167,1.0,0.00161
model-E10-B100-1589305974,1589306038.087,1.0,0.00746,0.95,0.02669
model-E10-B100-1589305974,1589306038.283,1.0,0.00171,1.0,0.00166
model-E10-B100-1589305974,1589306038.806,0.96,0.03338,1.0,0.00255
model-E10-B100-1589305974,1589306039.454,0.96,0.03518,0.95,0.02732
model-E10-B100-1589305974,1589306039.936,0.94,0.03067,0.9,0.06599
model-E10-B100-1589305974,1589306040.407,0.98,0.02397,0.95,0.05313
model-E10-B100-1589305974,1589306040.873,0.94,0.05534,0.95,0.05176
model-E10-B100-1589305974,1589306041.35,0.91,0.06183,1.0,0.00076
model-E10-B100-1589305974,1589306042.154,0.96,0.03061,0.9,0.04133
model-E10-B100-1589305974,1589306042.773,0.93,0.04985,1.0,0.00127
model-E10-B100-1589305974,1589306043.401,0.9,0.06233,1.0,7e-05
model-E10-B100-1589305974,1589306044.036,0.99,0.01947,1.0,0.00798
model-E10-B100-1589305974,1589306044.676,0.94,0.05271,0.8,0.13686
model-E10-B100-1589305974,1589306045.348,0.89,0.08552,1.0,7e-05
model-E10-B100-1589305974,1589306045.841,0.95,0.03458,1.0,0.00129
model-E10-B100-1589305974,1589306046.323,0.98,0.02157,1.0,0.01517
model-E10-B100-1589305974,1589306046.804,0.99,0.01328,1.0,0.00198
model-E10-B100-1589305974,1589306047.295,0.93,0.0416,0.95,0.03421
model-E10-B100-1589305974,1589306047.986,0.97,0.03071,1.0,0.01889
model-E10-B100-1589305974,1589306048.5,1.0,0.00342,1.0,0.00559
model-E10-B100-1589305974,1589306048.988,0.96,0.02499,1.0,0.00083
model-E10-B100-1589305974,1589306049.461,0.96,0.03511,0.95,0.02419
model-E10-B100-1589305974,1589306049.933,0.97,0.01261,1.0,0.02876
model-E10-B100-1589305974,1589306050.578,0.97,0.02025,0.95,0.0307
model-E10-B100-1589305974,1589306051.064,0.98,0.02259,0.95,0.03725
model-E10-B100-1589305974,1589306051.539,0.97,0.02505,1.0,0.00131
model-E10-B100-1589305974,1589306052.01,0.99,0.01095,1.0,0.01503
model-E10-B100-1589305974,1589306052.479,0.98,0.02694,1.0,0.00031
model-E10-B100-1589305974,1589306053.131,0.95,0.03612,1.0,0.00512
model-E10-B100-1589305974,1589306053.607,0.98,0.019,1.0,0.0128
model-E10-B100-1589305974,1589306054.092,0.97,0.0176,1.0,0.00146
model-E10-B100-1589305974,1589306054.561,0.96,0.03032,0.95,0.02209
model-E10-B100-1589305974,1589306055.033,0.99,0.01388,1.0,0.00242
model-E10-B100-1589305974,1589306055.664,0.99,0.0146,1.0,0.00041
model-E10-B100-1589305974,1589306056.143,0.96,0.02942,1.0,0.00366
model-E10-B100-1589305974,1589306056.608,0.95,0.02753,0.95,0.01813
model-E10-B100-1589305974,1589306057.076,0.98,0.01845,1.0,0.00091
model-E10-B100-1589305974,1589306057.543,0.95,0.03962,1.0,0.00617
model-E10-B100-1589305974,1589306059.376,0.98,0.02138,1.0,0.00456
model-E10-B100-1589305974,1589306059.842,0.99,0.01112,1.0,0.00047
model-E10-B100-1589305974,1589306060.306,1.0,0.00541,1.0,0.00024
model-E10-B100-1589305974,1589306060.772,1.0,0.00649,1.0,0.00085
model-E10-B100-1589305974,1589306061.238,1.0,0.00512,0.95,0.03361
model-E10-B100-1589305974,1589306061.429,1.0,4e-05,1.0,0.00112
model-E10-B100-1589305974,1589306061.939,0.93,0.04837,1.0,0.00858
model-E10-B100-1589305974,1589306062.576,0.94,0.04026,1.0,0.00199
model-E10-B100-1589305974,1589306063.083,0.93,0.04516,1.0,1e-05
model-E10-B100-1589305974,1589306063.584,0.99,0.0117,0.95,0.02456
model-E10-B100-1589305974,1589306064.054,0.94,0.04291,1.0,0.00177
model-E10-B100-1589305974,1589306064.528,0.97,0.02201,1.0,0.01839
model-E10-B100-1589305974,1589306065.181,0.98,0.01942,1.0,0.00036
model-E10-B100-1589305974,1589306065.666,0.99,0.01769,1.0,0.00543
model-E10-B100-1589305974,1589306066.137,0.95,0.03391,1.0,0.00099
model-E10-B100-1589305974,1589306066.62,0.97,0.02584,1.0,0.00377
model-E10-B100-1589305974,1589306067.103,0.95,0.03308,0.95,0.04876
model-E10-B100-1589305974,1589306067.755,0.95,0.03718,0.95,0.05538
model-E10-B100-1589305974,1589306068.237,0.98,0.0202,1.0,0.00032
model-E10-B100-1589305974,1589306068.719,0.98,0.01185,1.0,0.00714
model-E10-B100-1589305974,1589306069.189,0.98,0.02323,1.0,0.00137
model-E10-B100-1589305974,1589306069.668,0.99,0.01064,1.0,0.00157
model-E10-B100-1589305974,1589306070.328,0.97,0.02775,0.9,0.05536
model-E10-B100-1589305974,1589306070.808,0.98,0.01512,1.0,0.01807
model-E10-B100-1589305974,1589306071.287,0.96,0.02143,1.0,0.00018
model-E10-B100-1589305974,1589306071.768,0.98,0.01618,1.0,0.0025
model-E10-B100-1589305974,1589306072.259,0.99,0.00624,1.0,0.00324
model-E10-B100-1589305974,1589306072.919,0.99,0.01485,1.0,0.00509
model-E10-B100-1589305974,1589306073.409,0.97,0.02295,1.0,0.00119
model-E10-B100-1589305974,1589306073.897,0.99,0.01549,1.0,0.004
model-E10-B100-1589305974,1589306074.386,0.99,0.00677,1.0,0.0011
model-E10-B100-1589305974,1589306074.877,0.99,0.01346,1.0,0.00145
model-E10-B100-1589305974,1589306075.544,0.96,0.02977,1.0,0.00054
model-E10-B100-1589305974,1589306076.01,0.97,0.01904,0.95,0.01959
model-E10-B100-1589305974,1589306076.477,0.97,0.01803,1.0,0.00014
model-E10-B100-1589305974,1589306076.946,0.99,0.01311,1.0,0.00026
model-E10-B100-1589305974,1589306077.414,0.98,0.00827,1.0,4e-05
model-E10-B100-1589305974,1589306078.056,0.99,0.01249,1.0,0.00669
model-E10-B100-1589305974,1589306078.535,0.97,0.02604,1.0,0.00297
model-E10-B100-1589305974,1589306079.013,0.97,0.02959,1.0,0.00033
model-E10-B100-1589305974,1589306079.503,1.0,0.00685,1.0,0.00544
model-E10-B100-1589305974,1589306079.985,0.98,0.02312,0.95,0.02773
model-E10-B100-1589305974,1589306080.635,0.94,0.03935,1.0,0.00095
model-E10-B100-1589305974,1589306081.118,1.0,0.00323,1.0,0.00149
model-E10-B100-1589305974,1589306081.599,0.99,0.01263,0.9,0.06031
model-E10-B100-1589305974,1589306082.088,0.97,0.02759,1.0,0.00687
model-E10-B100-1589305974,1589306082.573,0.94,0.03672,1.0,3e-05
model-E10-B100-1589305974,1589306082.765,0.75,0.11338,0.9,0.10283
model-E10-B100-1589305974,1589306083.254,0.87,0.11373,0.75,0.20274
model-E10-B100-1589305974,1589306083.901,0.83,0.14835,0.75,0.22501
model-E10-B100-1589305974,1589306084.372,0.64,0.31978,0.85,0.15621
model-E10-B100-1589305974,1589306084.841,0.8,0.17363,0.7,0.29935
model-E10-B100-1589305974,1589306085.313,0.81,0.17023,0.85,0.1127
model-E10-B100-1589305974,1589306085.786,0.83,0.16334,0.75,0.19495
model-E10-B100-1589305974,1589306086.633,0.82,0.1657,1.0,4e-05
model-E10-B100-1589305974,1589306087.108,0.87,0.10809,0.9,0.08548
model-E10-B100-1589305974,1589306087.576,0.9,0.0852,1.0,0.01391
model-E10-B100-1589305974,1589306088.05,0.91,0.0783,0.7,0.23133
model-E10-B100-1589305974,1589306088.523,0.79,0.16717,0.65,0.32493
model-E10-B100-1589305974,1589306089.17,0.82,0.16446,0.75,0.20466
model-E10-B100-1589305974,1589306089.65,0.78,0.19181,0.85,0.13198
model-E10-B100-1589305974,1589306090.134,0.92,0.07174,0.95,0.05352
model-E10-B100-1589305974,1589306090.632,0.89,0.08862,0.9,0.10683
model-E10-B100-1589305974,1589306091.117,0.87,0.10838,0.9,0.06834
model-E10-B100-1589305974,1589306091.78,0.84,0.14515,0.8,0.13134
model-E10-B100-1589305974,1589306092.265,0.88,0.11018,0.85,0.13219
model-E10-B100-1589305974,1589306092.748,0.91,0.07605,0.75,0.11604
model-E10-B100-1589305974,1589306093.232,0.85,0.08469,0.7,0.26971
model-E10-B100-1589305974,1589306093.713,0.87,0.10607,0.75,0.20264
model-E10-B100-1589305974,1589306094.366,0.89,0.07899,0.75,0.16123
model-E10-B100-1589305974,1589306094.849,0.86,0.1127,0.9,0.08521
model-E10-B100-1589305974,1589306095.34,0.84,0.13734,0.85,0.08937
model-E10-B100-1589305974,1589306095.823,0.95,0.03639,0.9,0.07571
model-E10-B100-1589305974,1589306096.309,0.89,0.0913,0.85,0.08626
model-E10-B100-1589305974,1589306096.941,0.89,0.07998,0.95,0.04497
model-E10-B100-1589305974,1589306097.41,0.91,0.05352,0.95,0.04641
model-E10-B100-1589305974,1589306097.878,0.95,0.04659,0.95,0.03432
model-E10-B100-1589305974,1589306098.344,0.93,0.0557,0.85,0.13288
model-E10-B100-1589305974,1589306098.814,0.92,0.05654,0.95,0.03657
model-E10-B100-1589305974,1589306099.461,0.94,0.03973,1.0,0.00385
model-E10-B100-1589305974,1589306099.926,0.95,0.04361,1.0,0.00937
model-E10-B100-1589305974,1589306100.391,0.92,0.06845,1.0,0.01255
model-E10-B100-1589305974,1589306100.878,0.9,0.06457,0.95,0.0463
model-E10-B100-1589305974,1589306101.343,0.93,0.06345,0.95,0.02438
model-E10-B100-1589305974,1589306101.983,0.91,0.05524,0.9,0.08098
model-E10-B100-1589305974,1589306102.456,0.95,0.03812,1.0,0.01548
model-E10-B100-1589305974,1589306102.93,0.98,0.01456,1.0,0.01987
model-E10-B100-1589305974,1589306103.398,0.95,0.03198,0.95,0.0276
model-E10-B100-1589305974,1589306103.863,0.96,0.03333,0.95,0.01979
model-E10-B100-1589305974,1589306104.051,1.0,0.00268,1.0,0.0149
model-E10-B100-1589305974,1589306104.545,0.87,0.09169,0.9,0.07584
model-E10-B100-1589305974,1589306105.199,0.95,0.03596,0.95,0.02686
model-E10-B100-1589305974,1589306105.685,0.9,0.06042,0.95,0.04589
model-E10-B100-1589305974,1589306106.17,0.93,0.05461,0.8,0.15838
model-E10-B100-1589305974,1589306106.652,0.84,0.12709,0.8,0.10274
model-E10-B100-1589305974,1589306107.137,0.89,0.08571,1.0,0.00291
model-E10-B100-1589305974,1589306107.81,0.93,0.05049,0.95,0.02617
model-E10-B100-1589305974,1589306108.297,0.97,0.01871,1.0,0.02468
model-E10-B100-1589305974,1589306108.782,0.9,0.06595,1.0,0.0134
model-E10-B100-1589305974,1589306109.267,0.86,0.07772,0.85,0.11328
model-E10-B100-1589305974,1589306109.776,0.87,0.06705,0.9,0.04558
model-E10-B100-1589305974,1589306110.442,0.98,0.02404,0.95,0.02657
model-E10-B100-1589305974,1589306110.933,0.95,0.03836,1.0,0.02672
model-E10-B100-1589305974,1589306111.423,0.96,0.02966,0.95,0.06917
model-E10-B100-1589305974,1589306111.908,0.95,0.03718,0.95,0.02465
model-E10-B100-1589305974,1589306112.391,0.96,0.02764,1.0,0.00052
model-E10-B100-1589305974,1589306113.056,0.94,0.0465,0.95,0.02878
model-E10-B100-1589305974,1589306113.546,0.99,0.02075,1.0,0.0129
model-E10-B100-1589305974,1589306114.052,0.91,0.06582,1.0,0.00171
model-E10-B100-1589305974,1589306114.559,0.93,0.04823,0.9,0.06036
model-E10-B100-1589305974,1589306115.055,0.99,0.01816,1.0,0.01044
model-E10-B100-1589305974,1589306115.718,0.97,0.02282,1.0,0.01057
model-E10-B100-1589305974,1589306116.209,0.97,0.02573,1.0,0.00611
model-E10-B100-1589305974,1589306116.692,0.92,0.04746,1.0,0.00874
model-E10-B100-1589305974,1589306117.175,0.97,0.02747,1.0,0.01311
model-E10-B100-1589305974,1589306117.661,0.98,0.01999,0.95,0.02336
model-E10-B100-1589305974,1589306118.319,0.95,0.0332,1.0,0.00674
model-E10-B100-1589305974,1589306118.792,0.95,0.03969,1.0,0.01247
model-E10-B100-1589305974,1589306119.272,0.96,0.03586,1.0,0.0009
model-E10-B100-1589305974,1589306119.741,0.98,0.01626,1.0,0.00837
model-E10-B100-1589305974,1589306120.24,0.97,0.02212,1.0,0.00022
model-E10-B100-1589305974,1589306121.244,0.98,0.02228,1.0,0.00074
model-E10-B100-1589305974,1589306121.751,0.96,0.0345,1.0,0.00894
model-E10-B100-1589305974,1589306122.261,0.95,0.04738,1.0,0.00869
model-E10-B100-1589305974,1589306122.743,0.98,0.01403,1.0,0.00059
model-E10-B100-1589305974,1589306123.232,0.98,0.02696,1.0,0.00513
model-E10-B100-1589305974,1589306123.879,0.99,0.01724,1.0,0.00104
model-E10-B100-1589305974,1589306124.354,0.98,0.01573,1.0,0.01198
model-E10-B100-1589305974,1589306124.827,0.98,0.01169,1.0,0.001
model-E10-B100-1589305974,1589306125.339,0.99,0.0135,0.95,0.03303
model-E10-B100-1589305974,1589306125.848,0.98,0.01332,0.95,0.04321
model-E10-B100-1589305974,1589306126.038,1.0,0.00136,1.0,0.00185
model-E10-B100-1589305974,1589306126.539,0.96,0.02882,1.0,0.00075
model-E10-B100-1589305974,1589306127.231,0.97,0.01376,1.0,0.00163
model-E10-B100-1589305974,1589306127.734,0.94,0.02962,1.0,0.00021
model-E10-B100-1589305974,1589306128.232,0.99,0.01452,1.0,0.00742
model-E10-B100-1589305974,1589306128.709,0.97,0.02091,0.95,0.03408
model-E10-B100-1589305974,1589306129.212,0.96,0.02293,1.0,0.00624
model-E10-B100-1589305974,1589306129.859,0.96,0.03363,1.0,0.0088
model-E10-B100-1589305974,1589306130.339,0.99,0.00707,1.0,0.0207
model-E10-B100-1589305974,1589306130.815,0.99,0.01327,1.0,0.00102
model-E10-B100-1589305974,1589306131.29,1.0,0.01063,1.0,0.00092
model-E10-B100-1589305974,1589306131.763,0.95,0.03324,1.0,0.01721
model-E10-B100-1589305974,1589306132.413,0.98,0.02169,1.0,0.00078
model-E10-B100-1589305974,1589306132.897,0.98,0.01991,1.0,0.00238
model-E10-B100-1589305974,1589306133.391,0.99,0.00746,1.0,0.00165
model-E10-B100-1589305974,1589306133.9,0.98,0.0228,1.0,0.00883
model-E10-B100-1589305974,1589306134.39,0.96,0.02418,1.0,0.00258
model-E10-B100-1589305974,1589306135.055,0.95,0.0421,1.0,0.00471
model-E10-B100-1589305974,1589306135.534,0.97,0.02511,1.0,0.01128
model-E10-B100-1589305974,1589306136.01,0.96,0.0318,1.0,0.01318
model-E10-B100-1589305974,1589306136.489,0.97,0.01406,1.0,0.0003
model-E10-B100-1589305974,1589306136.97,0.99,0.01469,0.95,0.03306
model-E10-B100-1589305974,1589306137.614,0.97,0.02389,1.0,0.00793
model-E10-B100-1589305974,1589306138.093,0.94,0.04029,1.0,0.00236
model-E10-B100-1589305974,1589306138.567,0.96,0.03356,1.0,0.007
model-E10-B100-1589305974,1589306139.047,0.99,0.00772,1.0,0.00415
model-E10-B100-1589305974,1589306139.537,1.0,0.00571,1.0,0.00163
model-E10-B100-1589305974,1589306140.24,0.96,0.02876,1.0,0.0002
model-E10-B100-1589305974,1589306140.732,0.98,0.01509,1.0,0.00052
model-E10-B100-1589305974,1589306141.223,0.98,0.01777,1.0,0.00429
model-E10-B100-1589305974,1589306141.712,0.97,0.02697,1.0,0.01272
model-E10-B100-1589305974,1589306142.201,0.98,0.01016,1.0,0.01233
model-E10-B100-1589305974,1589306142.859,0.99,0.01412,1.0,0.00201
model-E10-B100-1589305974,1589306143.351,0.96,0.02605,1.0,0.00172
model-E10-B100-1589305974,1589306143.837,0.97,0.02722,1.0,0.00012
model-E10-B100-1589305974,1589306144.323,0.98,0.01213,1.0,0.00129
model-E10-B100-1589305974,1589306144.812,0.97,0.02523,1.0,0.00091
model-E10-B100-1589305974,1589306145.464,0.98,0.01305,1.0,2e-05
model-E10-B100-1589305974,1589306145.947,1.0,0.00401,1.0,2e-05
model-E10-B100-1589305974,1589306146.42,0.98,0.01047,0.95,0.01699
model-E10-B100-1589305974,1589306146.888,0.99,0.01359,1.0,0.00907
model-E10-B100-1589305974,1589306147.387,0.99,0.01113,1.0,0.00127
model-E10-B100-1589305974,1589306147.62,1.0,0.00624,1.0,0.00173
model-E10-B100-1589305974,1589306148.151,0.98,0.01218,1.0,0.00583
model-E10-B100-1589305974,1589306148.825,0.99,0.01242,1.0,0.01262
model-E10-B100-1589305974,1589306149.318,0.93,0.03508,1.0,0.01204
model-E10-B100-1589305974,1589306149.817,0.99,0.01589,1.0,0.00293
model-E10-B100-1589305974,1589306150.313,0.97,0.01974,1.0,0.00011
model-E10-B100-1589305974,1589306150.83,0.98,0.01945,1.0,0.0019
model-E10-B100-1589305974,1589306151.483,0.96,0.03287,1.0,9e-05
model-E10-B100-1589305974,1589306151.956,0.92,0.05474,1.0,0.00383
model-E10-B100-1589305974,1589306152.444,0.98,0.01566,1.0,0.00167
model-E10-B100-1589305974,1589306152.931,1.0,0.00429,1.0,0.00023
model-E10-B100-1589305974,1589306153.422,0.99,0.00963,1.0,0.00117
model-E10-B100-1589305974,1589306154.11,0.99,0.01585,1.0,0.01475
model-E10-B100-1589305974,1589306154.61,0.96,0.03067,0.95,0.03408
model-E10-B100-1589305974,1589306155.09,1.0,0.00466,1.0,0.00144
model-E10-B100-1589305974,1589306155.583,0.98,0.01704,1.0,0.01073
model-E10-B100-1589305974,1589306156.129,0.99,0.0148,1.0,0.00021
model-E10-B100-1589305974,1589306156.945,0.98,0.02237,1.0,0.00272
model-E10-B100-1589305974,1589306157.487,0.99,0.00652,1.0,0.00035
model-E10-B100-1589305974,1589306157.993,0.97,0.02719,1.0,0.00026
model-E10-B100-1589305974,1589306158.498,0.99,0.01017,1.0,0.00022
model-E10-B100-1589305974,1589306158.996,1.0,0.00165,1.0,0.001
model-E10-B100-1589305974,1589306159.681,0.98,0.01605,1.0,0.01115
model-E10-B100-1589305974,1589306160.176,0.96,0.01852,1.0,0.00373
model-E10-B100-1589305974,1589306160.669,0.97,0.0244,1.0,0.00135
model-E10-B100-1589305974,1589306161.165,1.0,0.00518,1.0,0.00227
model-E10-B100-1589305974,1589306161.658,0.99,0.00747,1.0,7e-05
model-E10-B100-1589305974,1589306162.81,0.97,0.0225,1.0,0.00232
model-E10-B100-1589305974,1589306163.471,0.98,0.0084,1.0,0.00271
model-E10-B100-1589305974,1589306164.123,0.99,0.00574,1.0,0.00011
model-E10-B100-1589305974,1589306164.747,0.98,0.01469,1.0,0.00511
model-E10-B100-1589305974,1589306165.366,0.99,0.01032,1.0,0.00429
model-E10-B100-1589305974,1589306166.007,0.99,0.00855,1.0,0.00029
model-E10-B100-1589305974,1589306166.513,0.98,0.01821,1.0,0.0006
model-E10-B100-1589305974,1589306166.992,0.97,0.02233,1.0,2e-05
model-E10-B100-1589305974,1589306167.48,0.99,0.00547,1.0,6e-05
model-E10-B100-1589305974,1589306167.957,0.98,0.02166,1.0,9e-05
model-E10-B100-1589305974,1589306168.61,0.99,0.00982,1.0,0.00028
model-E10-B100-1589305974,1589306169.089,1.0,0.00145,1.0,0.01475
model-E10-B100-1589305974,1589306169.563,0.98,0.00847,1.0,0.0029
model-E10-B100-1589305974,1589306170.037,0.99,0.01203,1.0,0.00011
model-E10-B100-1589305974,1589306170.517,0.99,0.01052,1.0,5e-05
model-E10-B100-1589305974,1589306170.721,1.0,0.00417,1.0,0.00023
model-E10-B100-1589305974,1589306171.217,0.98,0.01093,1.0,7e-05
model-E10-B100-1589305974,1589306171.904,0.99,0.01204,1.0,0.00177
model-E10-B100-1589305974,1589306172.393,0.97,0.01761,1.0,0.00027
model-E10-B100-1589305974,1589306172.871,0.99,0.01361,1.0,0.00024
model-E10-B100-1589305974,1589306173.346,0.98,0.01521,1.0,0.00656
model-E10-B100-1589305974,1589306173.841,1.0,0.0132,1.0,0.00107
model-E10-B100-1589305974,1589306174.533,0.98,0.02116,1.0,0.00061
model-E10-B100-1589305974,1589306175.029,0.96,0.0242,1.0,0.00336
model-E10-B100-1589305974,1589306175.513,0.99,0.01508,1.0,0.00167
model-E10-B100-1589305974,1589306176.0,0.99,0.00979,1.0,0.0017
model-E10-B100-1589305974,1589306176.479,0.99,0.0079,1.0,0.00028
model-E10-B100-1589305974,1589306177.121,0.99,0.01125,1.0,0.00039
model-E10-B100-1589305974,1589306177.602,0.99,0.01185,1.0,0.00048
model-E10-B100-1589305974,1589306178.077,1.0,0.00084,1.0,0.00171
model-E10-B100-1589305974,1589306178.558,0.99,0.00779,1.0,0.00914
model-E10-B100-1589305974,1589306179.071,0.98,0.01584,1.0,2e-05
model-E10-B100-1589305974,1589306179.76,0.98,0.01965,1.0,0.00015
model-E10-B100-1589305974,1589306180.25,1.0,0.00072,1.0,0.00057
model-E10-B100-1589305974,1589306180.731,0.98,0.02211,1.0,0.0004
model-E10-B100-1589305974,1589306181.212,0.99,0.00654,1.0,0.00061
model-E10-B100-1589305974,1589306181.692,1.0,0.00163,1.0,0.00019
model-E10-B100-1589305974,1589306182.371,0.97,0.0214,1.0,0.0001
model-E10-B100-1589305974,1589306182.862,0.99,0.00595,1.0,0.00053
model-E10-B100-1589305974,1589306183.381,0.99,0.01328,1.0,0.0
model-E10-B100-1589305974,1589306183.909,1.0,0.00203,1.0,0.00019
model-E10-B100-1589305974,1589306184.407,1.0,0.00191,1.0,4e-05
model-E10-B100-1589305974,1589306185.09,0.99,0.00997,1.0,0.00078
model-E10-B100-1589305974,1589306185.597,0.97,0.01559,1.0,0.00015
model-E10-B100-1589305974,1589306186.102,0.99,0.00557,1.0,8e-05
model-E10-B100-1589305974,1589306186.603,0.98,0.0222,1.0,0.00205
model-E10-B100-1589305974,1589306187.091,0.99,0.01213,1.0,1e-05
model-E10-B100-1589305974,1589306187.783,1.0,0.00425,1.0,1e-05
model-E10-B100-1589305974,1589306188.286,0.98,0.01131,1.0,0.00022
model-E10-B100-1589305974,1589306188.774,0.99,0.01461,1.0,0.00017
model-E10-B100-1589305974,1589306189.269,0.99,0.00849,1.0,0.00839
model-E10-B100-1589305974,1589306189.755,0.97,0.02017,1.0,1e-05
model-E10-B100-1589305974,1589306190.444,0.99,0.00987,1.0,0.0
model-E10-B100-1589305974,1589306190.944,1.0,0.00056,1.0,0.0002
model-E10-B100-1589305974,1589306191.472,1.0,0.00123,1.0,0.00759
model-E10-B100-1589305974,1589306191.98,1.0,0.00231,1.0,2e-05
model-E10-B100-1589305974,1589306192.471,0.99,0.00932,1.0,1e-05
model-E10-B100-1589305974,1589306192.672,1.0,0.00104,0.95,0.01654
